<?xml version="1.0" encoding="UTF-8"?>
<!-- Generated by org.testng.reporters.JUnitXMLReporter -->
<testsuite hostname="sky" name="Command line test" tests="11" failures="4" timestamp="28 Feb 2013 09:23:57 GMT" time="1.024" errors="0">
  <testcase name="@BeforeMethod setUp" time="0.0" classname="org.sky.auto.test.JUnitRemoteBaseTest">
    <failure type="org.testng.TestNGException" message="
Parameter &amp;apos;browser&amp;apos; is required by @Configuration on method setUp but has not been marked @Optional or defined
">
      <![CDATA[org.testng.TestNGException: 
Parameter 'browser' is required by @Configuration on method setUp but has not been marked @Optional or defined

	at java.util.concurrent.ThreadPoolExecutor$Worker.runTask(ThreadPoolExecutor.java:895)
	at java.util.concurrent.ThreadPoolExecutor$Worker.run(ThreadPoolExecutor.java:918)
	at java.lang.Thread.run(Thread.java:662)
... Removed 9 stack frames]]>
    </failure>
  </testcase> <!-- @BeforeMethod setUp -->
  <testcase name="@BeforeMethod setUp" time="0.0" classname="org.sky.auto.test.JUnitRemoteBaseTest">
    <failure type="org.testng.TestNGException" message="
Parameter &amp;apos;browser&amp;apos; is required by @Configuration on method setUp but has not been marked @Optional or defined
">
      <![CDATA[org.testng.TestNGException: 
Parameter 'browser' is required by @Configuration on method setUp but has not been marked @Optional or defined

	at java.util.concurrent.ThreadPoolExecutor$Worker.runTask(ThreadPoolExecutor.java:895)
	at java.util.concurrent.ThreadPoolExecutor$Worker.run(ThreadPoolExecutor.java:918)
	at java.lang.Thread.run(Thread.java:662)
... Removed 9 stack frames]]>
    </failure>
  </testcase> <!-- @BeforeMethod setUp -->
  <testcase name="@AfterMethod destory" time="0.0" classname="org.sky.auto.test.JUnitRemoteBaseTest">
    <skipped/>
  </testcase> <!-- @AfterMethod destory -->
  <testcase name="@AfterMethod destory" time="0.0" classname="org.sky.auto.test.JUnitRemoteBaseTest">
    <skipped/>
  </testcase> <!-- @AfterMethod destory -->
  <testcase name="@BeforeMethod setUp" time="0.0" classname="org.sky.auto.remote.RemoteTest">
    <skipped/>
  </testcase> <!-- @BeforeMethod setUp -->
  <testcase name="@BeforeMethod setUp" time="0.0" classname="org.sky.auto.remote.RemoteTest">
    <skipped/>
  </testcase> <!-- @BeforeMethod setUp -->
  <testcase name="@BeforeMethod setUp" time="0.0" classname="org.sky.auto.remote.RemoteTest">
    <skipped/>
  </testcase> <!-- @BeforeMethod setUp -->
  <testcase name="@BeforeMethod setUp" time="0.0" classname="org.sky.auto.remote.RemoteTest">
    <skipped/>
  </testcase> <!-- @BeforeMethod setUp -->
  <testcase name="@AfterMethod destory" time="0.0" classname="org.sky.auto.remote.RemoteTest">
    <skipped/>
  </testcase> <!-- @AfterMethod destory -->
  <testcase name="@AfterMethod destory" time="0.0" classname="org.sky.auto.remote.RemoteTest">
    <skipped/>
  </testcase> <!-- @AfterMethod destory -->
  <testcase name="@BeforeMethod setUp" time="0.0" classname="org.sky.auto.remote.RemoteTest">
    <skipped/>
  </testcase> <!-- @BeforeMethod setUp -->
  <testcase name="@BeforeMethod setUp" time="0.0" classname="org.sky.auto.remote.RemoteTest">
    <skipped/>
  </testcase> <!-- @BeforeMethod setUp -->
  <testcase name="@AfterMethod destory" time="0.0" classname="org.sky.auto.remote.RemoteTest">
    <skipped/>
  </testcase> <!-- @AfterMethod destory -->
  <testcase name="@AfterMethod destory" time="0.0" classname="org.sky.auto.test.NewTest">
    <failure type="java.lang.NullPointerException">
      <![CDATA[java.lang.NullPointerException
	at org.sky.auto.window.Window.closeAllWindows(Window.java:121)
	at org.sky.auto.base.TestNGBase.destory(TestNGBase.java:22)
	at java.util.concurrent.ThreadPoolExecutor$Worker.runTask(ThreadPoolExecutor.java:895)
	at java.util.concurrent.ThreadPoolExecutor$Worker.run(ThreadPoolExecutor.java:918)
	at java.lang.Thread.run(Thread.java:662)
... Removed 12 stack frames]]>
    </failure>
  </testcase> <!-- @AfterMethod destory -->
  <testcase name="testClassPath" time="0.018" classname="org.sky.auto.test.FileFinderTest"/>
  <testcase name="methodOne" time="0.0010" classname="org.sky.auto.test.JUnitRemoteBaseTest">
    <skipped/>
  </testcase> <!-- methodOne -->
  <testcase name="methodThree" time="0.0010" classname="org.sky.auto.test.JUnitRemoteBaseTest">
    <skipped/>
  </testcase> <!-- methodThree -->
  <testcase name="method2" time="0.0" classname="org.sky.auto.remote.RemoteTest">
    <skipped/>
  </testcase> <!-- method2 -->
  <testcase name="method1" time="0.0" classname="org.sky.auto.remote.RemoteTest">
    <skipped/>
  </testcase> <!-- method1 -->
  <testcase name="method3" time="0.0" classname="org.sky.auto.remote.RemoteTest">
    <skipped/>
  </testcase> <!-- method3 -->
  <testcase name="testNor168" time="0.079" classname="org.sky.auto.normal.test.it168NorTest">
    <failure type="org.openqa.selenium.WebDriverException" message="Cannot find firefox binary in PATH. Make sure firefox is installed. OS appears to be: WIN8
Build info: version: &amp;apos;2.30.0&amp;apos;, revision: &amp;apos;dc1ef9ceb805a672f56dc49198f9ffbd4ca345c7&amp;apos;, time: &amp;apos;2013-02-19 09:14:38&amp;apos;
System info: os.name: &amp;apos;Windows 8&amp;apos;, os.arch: &amp;apos;amd64&amp;apos;, os.version: &amp;apos;6.2&amp;apos;, java.version: &amp;apos;1.6.0_41&amp;apos;
Driver info: driver.version: FirefoxDriver">
      <![CDATA[org.openqa.selenium.WebDriverException: Cannot find firefox binary in PATH. Make sure firefox is installed. OS appears to be: WIN8
Build info: version: '2.30.0', revision: 'dc1ef9ceb805a672f56dc49198f9ffbd4ca345c7', time: '2013-02-19 09:14:38'
System info: os.name: 'Windows 8', os.arch: 'amd64', os.version: '6.2', java.version: '1.6.0_41'
Driver info: driver.version: FirefoxDriver
	at org.openqa.selenium.firefox.internal.Executable.<init>(Executable.java:69)
	at org.openqa.selenium.firefox.FirefoxBinary.<init>(FirefoxBinary.java:59)
	at org.openqa.selenium.firefox.FirefoxBinary.<init>(FirefoxBinary.java:55)
	at org.openqa.selenium.firefox.FirefoxDriver.<init>(FirefoxDriver.java:92)
	at org.sky.auto.normal.test.it168NorTest.testNor168(it168NorTest.java:13)
	at java.util.concurrent.ThreadPoolExecutor$Worker.runTask(ThreadPoolExecutor.java:895)
	at java.util.concurrent.ThreadPoolExecutor$Worker.run(ThreadPoolExecutor.java:918)
	at java.lang.Thread.run(Thread.java:662)
... Removed 10 stack frames]]>
    </failure>
  </testcase> <!-- testNor168 -->
  <testcase name="testBaidu" time="0.103" classname="org.sky.auto.test.NewTest">
    <failure type="org.openqa.selenium.WebDriverException" message="Cannot find firefox binary in PATH. Make sure firefox is installed. OS appears to be: WIN8
Build info: version: &amp;apos;2.30.0&amp;apos;, revision: &amp;apos;dc1ef9ceb805a672f56dc49198f9ffbd4ca345c7&amp;apos;, time: &amp;apos;2013-02-19 09:14:38&amp;apos;
System info: os.name: &amp;apos;Windows 8&amp;apos;, os.arch: &amp;apos;amd64&amp;apos;, os.version: &amp;apos;6.2&amp;apos;, java.version: &amp;apos;1.6.0_41&amp;apos;
Driver info: driver.version: AutoDriver">
      <![CDATA[org.openqa.selenium.WebDriverException: Cannot find firefox binary in PATH. Make sure firefox is installed. OS appears to be: WIN8
Build info: version: '2.30.0', revision: 'dc1ef9ceb805a672f56dc49198f9ffbd4ca345c7', time: '2013-02-19 09:14:38'
System info: os.name: 'Windows 8', os.arch: 'amd64', os.version: '6.2', java.version: '1.6.0_41'
Driver info: driver.version: AutoDriver
	at org.openqa.selenium.firefox.internal.Executable.<init>(Executable.java:69)
	at org.openqa.selenium.firefox.FirefoxBinary.<init>(FirefoxBinary.java:59)
	at org.openqa.selenium.firefox.FirefoxBinary.<init>(FirefoxBinary.java:55)
	at org.openqa.selenium.firefox.FirefoxDriver.<init>(FirefoxDriver.java:92)
	at org.sky.auto.driver.AutoDriver$Firefox$1.initialValue(AutoDriver.java:43)
	at org.sky.auto.driver.AutoDriver$Firefox$1.initialValue(AutoDriver.java:1)
	at java.lang.ThreadLocal.setInitialValue(ThreadLocal.java:141)
	at java.lang.ThreadLocal.get(ThreadLocal.java:131)
	at org.sky.auto.driver.AutoDriver$Firefox.firefox(AutoDriver.java:54)
	at org.sky.auto.driver.AutoDriver.setDriver(AutoDriver.java:268)
	at org.sky.auto.base.AutoBase.open(AutoBase.java:92)
	at org.sky.auto.window.Window.open(Window.java:240)
	at org.sky.auto.test.NewTest.testBaidu(NewTest.java:30)
	at java.util.concurrent.ThreadPoolExecutor$Worker.runTask(ThreadPoolExecutor.java:895)
	at java.util.concurrent.ThreadPoolExecutor$Worker.run(ThreadPoolExecutor.java:918)
	at java.lang.Thread.run(Thread.java:662)
... Removed 10 stack frames]]>
    </failure>
  </testcase> <!-- testBaidu -->
  <testcase name="test168" time="0.083" classname="org.sky.auto.pagetest.Test168page">
    <failure type="org.openqa.selenium.WebDriverException" message="Cannot find firefox binary in PATH. Make sure firefox is installed. OS appears to be: WIN8
Build info: version: &amp;apos;2.30.0&amp;apos;, revision: &amp;apos;dc1ef9ceb805a672f56dc49198f9ffbd4ca345c7&amp;apos;, time: &amp;apos;2013-02-19 09:14:38&amp;apos;
System info: os.name: &amp;apos;Windows 8&amp;apos;, os.arch: &amp;apos;amd64&amp;apos;, os.version: &amp;apos;6.2&amp;apos;, java.version: &amp;apos;1.6.0_41&amp;apos;
Driver info: driver.version: AutoDriver">
      <![CDATA[org.openqa.selenium.WebDriverException: Cannot find firefox binary in PATH. Make sure firefox is installed. OS appears to be: WIN8
Build info: version: '2.30.0', revision: 'dc1ef9ceb805a672f56dc49198f9ffbd4ca345c7', time: '2013-02-19 09:14:38'
System info: os.name: 'Windows 8', os.arch: 'amd64', os.version: '6.2', java.version: '1.6.0_41'
Driver info: driver.version: AutoDriver
	at org.openqa.selenium.firefox.internal.Executable.<init>(Executable.java:69)
	at org.openqa.selenium.firefox.FirefoxBinary.<init>(FirefoxBinary.java:59)
	at org.openqa.selenium.firefox.FirefoxBinary.<init>(FirefoxBinary.java:55)
	at org.openqa.selenium.firefox.FirefoxDriver.<init>(FirefoxDriver.java:92)
	at org.sky.auto.driver.AutoDriver$Firefox$1.initialValue(AutoDriver.java:43)
	at org.sky.auto.driver.AutoDriver$Firefox$1.initialValue(AutoDriver.java:1)
	at java.lang.ThreadLocal.setInitialValue(ThreadLocal.java:141)
	at java.lang.ThreadLocal.get(ThreadLocal.java:131)
	at org.sky.auto.driver.AutoDriver$Firefox.firefox(AutoDriver.java:54)
	at org.sky.auto.driver.AutoDriver.setDriver(AutoDriver.java:268)
	at org.sky.auto.base.AutoBase.open(AutoBase.java:92)
	at org.sky.auto.pagetest.Test168page.test168(Test168page.java:17)
	at java.util.concurrent.ThreadPoolExecutor$Worker.runTask(ThreadPoolExecutor.java:895)
	at java.util.concurrent.ThreadPoolExecutor$Worker.run(ThreadPoolExecutor.java:918)
	at java.lang.Thread.run(Thread.java:662)
... Removed 10 stack frames]]>
    </failure>
  </testcase> <!-- test168 -->
  <testcase name="maxTest" time="0.151" classname="org.sky.auto.test.DataTest">
    <failure type="org.openqa.selenium.WebDriverException" message="Cannot find firefox binary in PATH. Make sure firefox is installed. OS appears to be: WIN8
Build info: version: &amp;apos;2.30.0&amp;apos;, revision: &amp;apos;dc1ef9ceb805a672f56dc49198f9ffbd4ca345c7&amp;apos;, time: &amp;apos;2013-02-19 09:14:38&amp;apos;
System info: os.name: &amp;apos;Windows 8&amp;apos;, os.arch: &amp;apos;amd64&amp;apos;, os.version: &amp;apos;6.2&amp;apos;, java.version: &amp;apos;1.6.0_41&amp;apos;
Driver info: driver.version: AutoDriver">
      <![CDATA[org.openqa.selenium.WebDriverException: Cannot find firefox binary in PATH. Make sure firefox is installed. OS appears to be: WIN8
Build info: version: '2.30.0', revision: 'dc1ef9ceb805a672f56dc49198f9ffbd4ca345c7', time: '2013-02-19 09:14:38'
System info: os.name: 'Windows 8', os.arch: 'amd64', os.version: '6.2', java.version: '1.6.0_41'
Driver info: driver.version: AutoDriver
	at org.openqa.selenium.firefox.internal.Executable.<init>(Executable.java:69)
	at org.openqa.selenium.firefox.FirefoxBinary.<init>(FirefoxBinary.java:59)
	at org.openqa.selenium.firefox.FirefoxBinary.<init>(FirefoxBinary.java:55)
	at org.openqa.selenium.firefox.FirefoxDriver.<init>(FirefoxDriver.java:92)
	at org.sky.auto.driver.AutoDriver$Firefox$1.initialValue(AutoDriver.java:43)
	at org.sky.auto.driver.AutoDriver$Firefox$1.initialValue(AutoDriver.java:1)
	at java.lang.ThreadLocal.setInitialValue(ThreadLocal.java:141)
	at java.lang.ThreadLocal.get(ThreadLocal.java:131)
	at org.sky.auto.driver.AutoDriver$Firefox.firefox(AutoDriver.java:54)
	at org.sky.auto.driver.AutoDriver.setDriver(AutoDriver.java:268)
	at org.sky.auto.base.AutoBase.open(AutoBase.java:92)
	at org.sky.auto.test.DataTest.maxTest(DataTest.java:20)
	at java.util.concurrent.ThreadPoolExecutor$Worker.runTask(ThreadPoolExecutor.java:895)
	at java.util.concurrent.ThreadPoolExecutor$Worker.run(ThreadPoolExecutor.java:918)
	at java.lang.Thread.run(Thread.java:662)
... Removed 10 stack frames]]>
    </failure>
  </testcase> <!-- maxTest -->
  <testcase name="methodTwo" time="1.01" classname="org.sky.auto.test.JUnitRemoteBaseTest">
    <skipped/>
  </testcase> <!-- methodTwo -->
</testsuite> <!-- Command line test -->
