<html>
<head>
<title>TestNG:  Command line test</title>
<link href="../testng.css" rel="stylesheet" type="text/css" />
<link href="../my-testng.css" rel="stylesheet" type="text/css" />

<style type="text/css">
.log { display: none;} 
.stack-trace { display: none;} 
</style>
<script type="text/javascript">
<!--
function flip(e) {
  current = e.style.display;
  if (current == 'block') {
    e.style.display = 'none';
    return 0;
  }
  else {
    e.style.display = 'block';
    return 1;
  }
}

function toggleBox(szDivId, elem, msg1, msg2)
{
  var res = -1;  if (document.getElementById) {
    res = flip(document.getElementById(szDivId));
  }
  else if (document.all) {
    // this is the way old msie versions work
    res = flip(document.all[szDivId]);
  }
  if(elem) {
    if(res == 0) elem.innerHTML = msg1; else elem.innerHTML = msg2;
  }

}

function toggleAllBoxes() {
  if (document.getElementsByTagName) {
    d = document.getElementsByTagName('div');
    for (i = 0; i < d.length; i++) {
      if (d[i].className == 'log') {
        flip(d[i]);
      }
    }
  }
}

// -->
</script>

</head>
<body>
<h2 align='center'>Command line test</h2><table border='1' align="center">
<tr>
<td>Tests passed/Failed/Skipped:</td><td>1/5/5</td>
</tr><tr>
<td>Started on:</td><td>Thu Feb 28 17:23:56 CST 2013</td>
</tr>
<tr><td>Total time:</td><td>1 seconds (1024 ms)</td>
</tr><tr>
<td>Included groups:</td><td></td>
</tr><tr>
<td>Excluded groups:</td><td></td>
</tr>
</table><p/>
<small><i>(Hover the method name to see the test class name)</i></small><p/>
<table width='100%' border='1' class='invocation-failed'>
<tr><td colspan='4' align='center'><b>FAILED CONFIGURATIONS</b></td></tr>
<tr><td><b>Test method</b></td>
<td width="30%"><b>Exception</b></td>
<td width="10%"><b>Time (seconds)</b></td>
<td><b>Instance</b></td>
</tr>
<tr>
<td title='org.sky.auto.test.JUnitRemoteBaseTest.setUp()'><b>setUp</b><br>Test class: org.sky.auto.test.JUnitRemoteBaseTest</td>
<td><div><pre>org.testng.TestNGException: 
Parameter &apos;browser&apos; is required by @Configuration on method setUp but has not been marked @Optional or defined

	at java.util.concurrent.ThreadPoolExecutor$Worker.runTask(ThreadPoolExecutor.java:895)
	at java.util.concurrent.ThreadPoolExecutor$Worker.run(ThreadPoolExecutor.java:918)
	at java.lang.Thread.run(Thread.java:662)
... Removed 9 stack frames</pre></div><a href='#' onClick='toggleBox("stack-trace1943692956", this, "Click to show all stack frames", "Click to hide stack frames")'>Click to show all stack frames</a>
<div class='stack-trace' id='stack-trace1943692956'><pre>org.testng.TestNGException: 
Parameter &apos;browser&apos; is required by @Configuration on method setUp but has not been marked @Optional or defined

	at org.testng.internal.Parameters.createParameters(Parameters.java:155)
	at org.testng.internal.Parameters.createParameters(Parameters.java:355)
	at org.testng.internal.Parameters.createConfigurationParameters(Parameters.java:86)
	at org.testng.internal.Invoker.invokeConfigurations(Invoker.java:199)
	at org.testng.internal.Invoker.invokeMethod(Invoker.java:653)
	at org.testng.internal.Invoker.invokeTestMethod(Invoker.java:901)
	at org.testng.internal.Invoker.invokeTestMethods(Invoker.java:1231)
	at org.testng.internal.TestMethodWorker.invokeTestMethods(TestMethodWorker.java:127)
	at org.testng.internal.TestMethodWorker.run(TestMethodWorker.java:111)
	at java.util.concurrent.ThreadPoolExecutor$Worker.runTask(ThreadPoolExecutor.java:895)
	at java.util.concurrent.ThreadPoolExecutor$Worker.run(ThreadPoolExecutor.java:918)
	at java.lang.Thread.run(Thread.java:662)
</pre></div></td>
<td>0</td>
<td>org.sky.auto.test.JUnitRemoteBaseTest@50618d26</td></tr>
<tr>
<td title='org.sky.auto.test.JUnitRemoteBaseTest.setUp()'><b>setUp</b><br>Test class: org.sky.auto.test.JUnitRemoteBaseTest</td>
<td><div><pre>org.testng.TestNGException: 
Parameter &apos;browser&apos; is required by @Configuration on method setUp but has not been marked @Optional or defined

	at java.util.concurrent.ThreadPoolExecutor$Worker.runTask(ThreadPoolExecutor.java:895)
	at java.util.concurrent.ThreadPoolExecutor$Worker.run(ThreadPoolExecutor.java:918)
	at java.lang.Thread.run(Thread.java:662)
... Removed 9 stack frames</pre></div><a href='#' onClick='toggleBox("stack-trace572511714", this, "Click to show all stack frames", "Click to hide stack frames")'>Click to show all stack frames</a>
<div class='stack-trace' id='stack-trace572511714'><pre>org.testng.TestNGException: 
Parameter &apos;browser&apos; is required by @Configuration on method setUp but has not been marked @Optional or defined

	at org.testng.internal.Parameters.createParameters(Parameters.java:155)
	at org.testng.internal.Parameters.createParameters(Parameters.java:355)
	at org.testng.internal.Parameters.createConfigurationParameters(Parameters.java:86)
	at org.testng.internal.Invoker.invokeConfigurations(Invoker.java:199)
	at org.testng.internal.Invoker.invokeMethod(Invoker.java:653)
	at org.testng.internal.Invoker.invokeTestMethod(Invoker.java:901)
	at org.testng.internal.Invoker.invokeTestMethods(Invoker.java:1231)
	at org.testng.internal.TestMethodWorker.invokeTestMethods(TestMethodWorker.java:127)
	at org.testng.internal.TestMethodWorker.run(TestMethodWorker.java:111)
	at java.util.concurrent.ThreadPoolExecutor$Worker.runTask(ThreadPoolExecutor.java:895)
	at java.util.concurrent.ThreadPoolExecutor$Worker.run(ThreadPoolExecutor.java:918)
	at java.lang.Thread.run(Thread.java:662)
</pre></div></td>
<td>0</td>
<td>org.sky.auto.test.JUnitRemoteBaseTest@50618d26</td></tr>
<tr>
<td title='org.sky.auto.test.NewTest.destory()'><b>destory</b><br>Test class: org.sky.auto.test.NewTest</td>
<td><div><pre>java.lang.NullPointerException
	at org.sky.auto.window.Window.closeAllWindows(Window.java:121)
	at org.sky.auto.base.TestNGBase.destory(TestNGBase.java:22)
	at java.util.concurrent.ThreadPoolExecutor$Worker.runTask(ThreadPoolExecutor.java:895)
	at java.util.concurrent.ThreadPoolExecutor$Worker.run(ThreadPoolExecutor.java:918)
	at java.lang.Thread.run(Thread.java:662)
... Removed 12 stack frames</pre></div><a href='#' onClick='toggleBox("stack-trace76543183", this, "Click to show all stack frames", "Click to hide stack frames")'>Click to show all stack frames</a>
<div class='stack-trace' id='stack-trace76543183'><pre>java.lang.NullPointerException
	at org.sky.auto.window.Window.closeAllWindows(Window.java:121)
	at org.sky.auto.base.TestNGBase.destory(TestNGBase.java:22)
	at sun.reflect.NativeMethodAccessorImpl.invoke0(Native Method)
	at sun.reflect.NativeMethodAccessorImpl.invoke(NativeMethodAccessorImpl.java:39)
	at sun.reflect.DelegatingMethodAccessorImpl.invoke(DelegatingMethodAccessorImpl.java:25)
	at java.lang.reflect.Method.invoke(Method.java:597)
	at org.testng.internal.MethodInvocationHelper.invokeMethod(MethodInvocationHelper.java:80)
	at org.testng.internal.Invoker.invokeConfigurationMethod(Invoker.java:564)
	at org.testng.internal.Invoker.invokeConfigurations(Invoker.java:213)
	at org.testng.internal.Invoker.invokeMethod(Invoker.java:786)
	at org.testng.internal.Invoker.invokeTestMethod(Invoker.java:901)
	at org.testng.internal.Invoker.invokeTestMethods(Invoker.java:1231)
	at org.testng.internal.TestMethodWorker.invokeTestMethods(TestMethodWorker.java:127)
	at org.testng.internal.TestMethodWorker.run(TestMethodWorker.java:111)
	at java.util.concurrent.ThreadPoolExecutor$Worker.runTask(ThreadPoolExecutor.java:895)
	at java.util.concurrent.ThreadPoolExecutor$Worker.run(ThreadPoolExecutor.java:918)
	at java.lang.Thread.run(Thread.java:662)
</pre></div></td>
<td>0</td>
<td>org.sky.auto.test.NewTest@47171b26</td></tr>
</table><p>
<table width='100%' border='1' class='invocation-skipped'>
<tr><td colspan='4' align='center'><b>SKIPPED CONFIGURATIONS</b></td></tr>
<tr><td><b>Test method</b></td>
<td width="30%"><b>Exception</b></td>
<td width="10%"><b>Time (seconds)</b></td>
<td><b>Instance</b></td>
</tr>
<tr>
<td title='org.sky.auto.remote.RemoteTest.setUp()'><b>setUp</b><br>Test class: org.sky.auto.remote.RemoteTest</td>
<td></td>
<td>0</td>
<td>org.sky.auto.remote.RemoteTest@106caf16</td></tr>
<tr>
<td title='org.sky.auto.remote.RemoteTest.setUp()'><b>setUp</b><br>Test class: org.sky.auto.remote.RemoteTest</td>
<td></td>
<td>0</td>
<td>org.sky.auto.remote.RemoteTest@106caf16</td></tr>
<tr>
<td title='org.sky.auto.remote.RemoteTest.setUp()'><b>setUp</b><br>Test class: org.sky.auto.remote.RemoteTest</td>
<td></td>
<td>0</td>
<td>org.sky.auto.remote.RemoteTest@106caf16</td></tr>
<tr>
<td title='org.sky.auto.remote.RemoteTest.setUp()'><b>setUp</b><br>Test class: org.sky.auto.remote.RemoteTest</td>
<td></td>
<td>0</td>
<td>org.sky.auto.remote.RemoteTest@106caf16</td></tr>
<tr>
<td title='org.sky.auto.remote.RemoteTest.setUp()'><b>setUp</b><br>Test class: org.sky.auto.remote.RemoteTest</td>
<td></td>
<td>0</td>
<td>org.sky.auto.remote.RemoteTest@106caf16</td></tr>
<tr>
<td title='org.sky.auto.remote.RemoteTest.setUp()'><b>setUp</b><br>Test class: org.sky.auto.remote.RemoteTest</td>
<td></td>
<td>0</td>
<td>org.sky.auto.remote.RemoteTest@106caf16</td></tr>
<tr>
<td title='org.sky.auto.test.JUnitRemoteBaseTest.destory()'><b>destory</b><br>Test class: org.sky.auto.test.JUnitRemoteBaseTest</td>
<td></td>
<td>0</td>
<td>org.sky.auto.test.JUnitRemoteBaseTest@50618d26</td></tr>
<tr>
<td title='org.sky.auto.test.JUnitRemoteBaseTest.destory()'><b>destory</b><br>Test class: org.sky.auto.test.JUnitRemoteBaseTest</td>
<td></td>
<td>0</td>
<td>org.sky.auto.test.JUnitRemoteBaseTest@50618d26</td></tr>
<tr>
<td title='org.sky.auto.remote.RemoteTest.destory()'><b>destory</b><br>Test class: org.sky.auto.remote.RemoteTest</td>
<td></td>
<td>0</td>
<td>org.sky.auto.remote.RemoteTest@106caf16</td></tr>
<tr>
<td title='org.sky.auto.remote.RemoteTest.destory()'><b>destory</b><br>Test class: org.sky.auto.remote.RemoteTest</td>
<td></td>
<td>0</td>
<td>org.sky.auto.remote.RemoteTest@106caf16</td></tr>
<tr>
<td title='org.sky.auto.remote.RemoteTest.destory()'><b>destory</b><br>Test class: org.sky.auto.remote.RemoteTest</td>
<td></td>
<td>0</td>
<td>org.sky.auto.remote.RemoteTest@106caf16</td></tr>
</table><p>
<table width='100%' border='1' class='invocation-failed'>
<tr><td colspan='4' align='center'><b>FAILED TESTS</b></td></tr>
<tr><td><b>Test method</b></td>
<td width="30%"><b>Exception</b></td>
<td width="10%"><b>Time (seconds)</b></td>
<td><b>Instance</b></td>
</tr>
<tr>
<td title='org.sky.auto.test.DataTest.maxTest()'><b>maxTest</b><br>Test class: org.sky.auto.test.DataTest</td>
<td><div><pre>org.openqa.selenium.WebDriverException: Cannot find firefox binary in PATH. Make sure firefox is installed. OS appears to be: WIN8
Build info: version: &apos;2.30.0&apos;, revision: &apos;dc1ef9ceb805a672f56dc49198f9ffbd4ca345c7&apos;, time: &apos;2013-02-19 09:14:38&apos;
System info: os.name: &apos;Windows 8&apos;, os.arch: &apos;amd64&apos;, os.version: &apos;6.2&apos;, java.version: &apos;1.6.0_41&apos;
Driver info: driver.version: AutoDriver
	at org.openqa.selenium.firefox.internal.Executable.&lt;init&gt;(Executable.java:69)
	at org.openqa.selenium.firefox.FirefoxBinary.&lt;init&gt;(FirefoxBinary.java:59)
	at org.openqa.selenium.firefox.FirefoxBinary.&lt;init&gt;(FirefoxBinary.java:55)
	at org.openqa.selenium.firefox.FirefoxDriver.&lt;init&gt;(FirefoxDriver.java:92)
	at org.sky.auto.driver.AutoDriver$Firefox$1.initialValue(AutoDriver.java:43)
	at org.sky.auto.driver.AutoDriver$Firefox$1.initialValue(AutoDriver.java:1)
	at java.lang.ThreadLocal.setInitialValue(ThreadLocal.java:141)
	at java.lang.ThreadLocal.get(ThreadLocal.java:131)
	at org.sky.auto.driver.AutoDriver$Firefox.firefox(AutoDriver.java:54)
	at org.sky.auto.driver.AutoDriver.setDriver(AutoDriver.java:268)
	at org.sky.auto.base.AutoBase.open(AutoBase.java:92)
	at org.sky.auto.test.DataTest.maxTest(DataTest.java:20)
	at java.util.concurrent.ThreadPoolExecutor$Worker.runTask(ThreadPoolExecutor.java:895)
	at java.util.concurrent.ThreadPoolExecutor$Worker.run(ThreadPoolExecutor.java:918)
	at java.lang.Thread.run(Thread.java:662)
... Removed 10 stack frames</pre></div><a href='#' onClick='toggleBox("stack-trace118572128", this, "Click to show all stack frames", "Click to hide stack frames")'>Click to show all stack frames</a>
<div class='stack-trace' id='stack-trace118572128'><pre>org.openqa.selenium.WebDriverException: Cannot find firefox binary in PATH. Make sure firefox is installed. OS appears to be: WIN8
Build info: version: &apos;2.30.0&apos;, revision: &apos;dc1ef9ceb805a672f56dc49198f9ffbd4ca345c7&apos;, time: &apos;2013-02-19 09:14:38&apos;
System info: os.name: &apos;Windows 8&apos;, os.arch: &apos;amd64&apos;, os.version: &apos;6.2&apos;, java.version: &apos;1.6.0_41&apos;
Driver info: driver.version: AutoDriver
	at org.openqa.selenium.firefox.internal.Executable.&lt;init&gt;(Executable.java:69)
	at org.openqa.selenium.firefox.FirefoxBinary.&lt;init&gt;(FirefoxBinary.java:59)
	at org.openqa.selenium.firefox.FirefoxBinary.&lt;init&gt;(FirefoxBinary.java:55)
	at org.openqa.selenium.firefox.FirefoxDriver.&lt;init&gt;(FirefoxDriver.java:92)
	at org.sky.auto.driver.AutoDriver$Firefox$1.initialValue(AutoDriver.java:43)
	at org.sky.auto.driver.AutoDriver$Firefox$1.initialValue(AutoDriver.java:1)
	at java.lang.ThreadLocal.setInitialValue(ThreadLocal.java:141)
	at java.lang.ThreadLocal.get(ThreadLocal.java:131)
	at org.sky.auto.driver.AutoDriver$Firefox.firefox(AutoDriver.java:54)
	at org.sky.auto.driver.AutoDriver.setDriver(AutoDriver.java:268)
	at org.sky.auto.base.AutoBase.open(AutoBase.java:92)
	at org.sky.auto.test.DataTest.maxTest(DataTest.java:20)
	at sun.reflect.NativeMethodAccessorImpl.invoke0(Native Method)
	at sun.reflect.NativeMethodAccessorImpl.invoke(NativeMethodAccessorImpl.java:39)
	at sun.reflect.DelegatingMethodAccessorImpl.invoke(DelegatingMethodAccessorImpl.java:25)
	at java.lang.reflect.Method.invoke(Method.java:597)
	at org.testng.internal.MethodInvocationHelper.invokeMethod(MethodInvocationHelper.java:80)
	at org.testng.internal.Invoker.invokeMethod(Invoker.java:714)
	at org.testng.internal.Invoker.invokeTestMethod(Invoker.java:901)
	at org.testng.internal.Invoker.invokeTestMethods(Invoker.java:1231)
	at org.testng.internal.TestMethodWorker.invokeTestMethods(TestMethodWorker.java:127)
	at org.testng.internal.TestMethodWorker.run(TestMethodWorker.java:111)
	at java.util.concurrent.ThreadPoolExecutor$Worker.runTask(ThreadPoolExecutor.java:895)
	at java.util.concurrent.ThreadPoolExecutor$Worker.run(ThreadPoolExecutor.java:918)
	at java.lang.Thread.run(Thread.java:662)
</pre></div></td>
<td>0</td>
<td>org.sky.auto.test.DataTest@1e2acc65</td></tr>
<tr>
<td title='org.sky.auto.pagetest.Test168page.test168()'><b>test168</b><br>Test class: org.sky.auto.pagetest.Test168page</td>
<td><div><pre>org.openqa.selenium.WebDriverException: Cannot find firefox binary in PATH. Make sure firefox is installed. OS appears to be: WIN8
Build info: version: &apos;2.30.0&apos;, revision: &apos;dc1ef9ceb805a672f56dc49198f9ffbd4ca345c7&apos;, time: &apos;2013-02-19 09:14:38&apos;
System info: os.name: &apos;Windows 8&apos;, os.arch: &apos;amd64&apos;, os.version: &apos;6.2&apos;, java.version: &apos;1.6.0_41&apos;
Driver info: driver.version: AutoDriver
	at org.openqa.selenium.firefox.internal.Executable.&lt;init&gt;(Executable.java:69)
	at org.openqa.selenium.firefox.FirefoxBinary.&lt;init&gt;(FirefoxBinary.java:59)
	at org.openqa.selenium.firefox.FirefoxBinary.&lt;init&gt;(FirefoxBinary.java:55)
	at org.openqa.selenium.firefox.FirefoxDriver.&lt;init&gt;(FirefoxDriver.java:92)
	at org.sky.auto.driver.AutoDriver$Firefox$1.initialValue(AutoDriver.java:43)
	at org.sky.auto.driver.AutoDriver$Firefox$1.initialValue(AutoDriver.java:1)
	at java.lang.ThreadLocal.setInitialValue(ThreadLocal.java:141)
	at java.lang.ThreadLocal.get(ThreadLocal.java:131)
	at org.sky.auto.driver.AutoDriver$Firefox.firefox(AutoDriver.java:54)
	at org.sky.auto.driver.AutoDriver.setDriver(AutoDriver.java:268)
	at org.sky.auto.base.AutoBase.open(AutoBase.java:92)
	at org.sky.auto.pagetest.Test168page.test168(Test168page.java:17)
	at java.util.concurrent.ThreadPoolExecutor$Worker.runTask(ThreadPoolExecutor.java:895)
	at java.util.concurrent.ThreadPoolExecutor$Worker.run(ThreadPoolExecutor.java:918)
	at java.lang.Thread.run(Thread.java:662)
... Removed 10 stack frames</pre></div><a href='#' onClick='toggleBox("stack-trace1790591505", this, "Click to show all stack frames", "Click to hide stack frames")'>Click to show all stack frames</a>
<div class='stack-trace' id='stack-trace1790591505'><pre>org.openqa.selenium.WebDriverException: Cannot find firefox binary in PATH. Make sure firefox is installed. OS appears to be: WIN8
Build info: version: &apos;2.30.0&apos;, revision: &apos;dc1ef9ceb805a672f56dc49198f9ffbd4ca345c7&apos;, time: &apos;2013-02-19 09:14:38&apos;
System info: os.name: &apos;Windows 8&apos;, os.arch: &apos;amd64&apos;, os.version: &apos;6.2&apos;, java.version: &apos;1.6.0_41&apos;
Driver info: driver.version: AutoDriver
	at org.openqa.selenium.firefox.internal.Executable.&lt;init&gt;(Executable.java:69)
	at org.openqa.selenium.firefox.FirefoxBinary.&lt;init&gt;(FirefoxBinary.java:59)
	at org.openqa.selenium.firefox.FirefoxBinary.&lt;init&gt;(FirefoxBinary.java:55)
	at org.openqa.selenium.firefox.FirefoxDriver.&lt;init&gt;(FirefoxDriver.java:92)
	at org.sky.auto.driver.AutoDriver$Firefox$1.initialValue(AutoDriver.java:43)
	at org.sky.auto.driver.AutoDriver$Firefox$1.initialValue(AutoDriver.java:1)
	at java.lang.ThreadLocal.setInitialValue(ThreadLocal.java:141)
	at java.lang.ThreadLocal.get(ThreadLocal.java:131)
	at org.sky.auto.driver.AutoDriver$Firefox.firefox(AutoDriver.java:54)
	at org.sky.auto.driver.AutoDriver.setDriver(AutoDriver.java:268)
	at org.sky.auto.base.AutoBase.open(AutoBase.java:92)
	at org.sky.auto.pagetest.Test168page.test168(Test168page.java:17)
	at sun.reflect.NativeMethodAccessorImpl.invoke0(Native Method)
	at sun.reflect.NativeMethodAccessorImpl.invoke(NativeMethodAccessorImpl.java:39)
	at sun.reflect.DelegatingMethodAccessorImpl.invoke(DelegatingMethodAccessorImpl.java:25)
	at java.lang.reflect.Method.invoke(Method.java:597)
	at org.testng.internal.MethodInvocationHelper.invokeMethod(MethodInvocationHelper.java:80)
	at org.testng.internal.Invoker.invokeMethod(Invoker.java:714)
	at org.testng.internal.Invoker.invokeTestMethod(Invoker.java:901)
	at org.testng.internal.Invoker.invokeTestMethods(Invoker.java:1231)
	at org.testng.internal.TestMethodWorker.invokeTestMethods(TestMethodWorker.java:127)
	at org.testng.internal.TestMethodWorker.run(TestMethodWorker.java:111)
	at java.util.concurrent.ThreadPoolExecutor$Worker.runTask(ThreadPoolExecutor.java:895)
	at java.util.concurrent.ThreadPoolExecutor$Worker.run(ThreadPoolExecutor.java:918)
	at java.lang.Thread.run(Thread.java:662)
</pre></div></td>
<td>0</td>
<td>org.sky.auto.pagetest.Test168page@151ca803</td></tr>
<tr>
<td title='org.sky.auto.test.NewTest.testBaidu()'><b>testBaidu</b><br>Test class: org.sky.auto.test.NewTest</td>
<td><div><pre>org.openqa.selenium.WebDriverException: Cannot find firefox binary in PATH. Make sure firefox is installed. OS appears to be: WIN8
Build info: version: &apos;2.30.0&apos;, revision: &apos;dc1ef9ceb805a672f56dc49198f9ffbd4ca345c7&apos;, time: &apos;2013-02-19 09:14:38&apos;
System info: os.name: &apos;Windows 8&apos;, os.arch: &apos;amd64&apos;, os.version: &apos;6.2&apos;, java.version: &apos;1.6.0_41&apos;
Driver info: driver.version: AutoDriver
	at org.openqa.selenium.firefox.internal.Executable.&lt;init&gt;(Executable.java:69)
	at org.openqa.selenium.firefox.FirefoxBinary.&lt;init&gt;(FirefoxBinary.java:59)
	at org.openqa.selenium.firefox.FirefoxBinary.&lt;init&gt;(FirefoxBinary.java:55)
	at org.openqa.selenium.firefox.FirefoxDriver.&lt;init&gt;(FirefoxDriver.java:92)
	at org.sky.auto.driver.AutoDriver$Firefox$1.initialValue(AutoDriver.java:43)
	at org.sky.auto.driver.AutoDriver$Firefox$1.initialValue(AutoDriver.java:1)
	at java.lang.ThreadLocal.setInitialValue(ThreadLocal.java:141)
	at java.lang.ThreadLocal.get(ThreadLocal.java:131)
	at org.sky.auto.driver.AutoDriver$Firefox.firefox(AutoDriver.java:54)
	at org.sky.auto.driver.AutoDriver.setDriver(AutoDriver.java:268)
	at org.sky.auto.base.AutoBase.open(AutoBase.java:92)
	at org.sky.auto.window.Window.open(Window.java:240)
	at org.sky.auto.test.NewTest.testBaidu(NewTest.java:30)
	at java.util.concurrent.ThreadPoolExecutor$Worker.runTask(ThreadPoolExecutor.java:895)
	at java.util.concurrent.ThreadPoolExecutor$Worker.run(ThreadPoolExecutor.java:918)
	at java.lang.Thread.run(Thread.java:662)
... Removed 10 stack frames</pre></div><a href='#' onClick='toggleBox("stack-trace1783079124", this, "Click to show all stack frames", "Click to hide stack frames")'>Click to show all stack frames</a>
<div class='stack-trace' id='stack-trace1783079124'><pre>org.openqa.selenium.WebDriverException: Cannot find firefox binary in PATH. Make sure firefox is installed. OS appears to be: WIN8
Build info: version: &apos;2.30.0&apos;, revision: &apos;dc1ef9ceb805a672f56dc49198f9ffbd4ca345c7&apos;, time: &apos;2013-02-19 09:14:38&apos;
System info: os.name: &apos;Windows 8&apos;, os.arch: &apos;amd64&apos;, os.version: &apos;6.2&apos;, java.version: &apos;1.6.0_41&apos;
Driver info: driver.version: AutoDriver
	at org.openqa.selenium.firefox.internal.Executable.&lt;init&gt;(Executable.java:69)
	at org.openqa.selenium.firefox.FirefoxBinary.&lt;init&gt;(FirefoxBinary.java:59)
	at org.openqa.selenium.firefox.FirefoxBinary.&lt;init&gt;(FirefoxBinary.java:55)
	at org.openqa.selenium.firefox.FirefoxDriver.&lt;init&gt;(FirefoxDriver.java:92)
	at org.sky.auto.driver.AutoDriver$Firefox$1.initialValue(AutoDriver.java:43)
	at org.sky.auto.driver.AutoDriver$Firefox$1.initialValue(AutoDriver.java:1)
	at java.lang.ThreadLocal.setInitialValue(ThreadLocal.java:141)
	at java.lang.ThreadLocal.get(ThreadLocal.java:131)
	at org.sky.auto.driver.AutoDriver$Firefox.firefox(AutoDriver.java:54)
	at org.sky.auto.driver.AutoDriver.setDriver(AutoDriver.java:268)
	at org.sky.auto.base.AutoBase.open(AutoBase.java:92)
	at org.sky.auto.window.Window.open(Window.java:240)
	at org.sky.auto.test.NewTest.testBaidu(NewTest.java:30)
	at sun.reflect.NativeMethodAccessorImpl.invoke0(Native Method)
	at sun.reflect.NativeMethodAccessorImpl.invoke(NativeMethodAccessorImpl.java:39)
	at sun.reflect.DelegatingMethodAccessorImpl.invoke(DelegatingMethodAccessorImpl.java:25)
	at java.lang.reflect.Method.invoke(Method.java:597)
	at org.testng.internal.MethodInvocationHelper.invokeMethod(MethodInvocationHelper.java:80)
	at org.testng.internal.Invoker.invokeMethod(Invoker.java:714)
	at org.testng.internal.Invoker.invokeTestMethod(Invoker.java:901)
	at org.testng.internal.Invoker.invokeTestMethods(Invoker.java:1231)
	at org.testng.internal.TestMethodWorker.invokeTestMethods(TestMethodWorker.java:127)
	at org.testng.internal.TestMethodWorker.run(TestMethodWorker.java:111)
	at java.util.concurrent.ThreadPoolExecutor$Worker.runTask(ThreadPoolExecutor.java:895)
	at java.util.concurrent.ThreadPoolExecutor$Worker.run(ThreadPoolExecutor.java:918)
	at java.lang.Thread.run(Thread.java:662)
</pre></div></td>
<td>0</td>
<td>org.sky.auto.test.NewTest@47171b26</td></tr>
<tr>
<td title='org.sky.auto.normal.test.it168NorTest.testNor168()'><b>testNor168</b><br>Test class: org.sky.auto.normal.test.it168NorTest</td>
<td><div><pre>org.openqa.selenium.WebDriverException: Cannot find firefox binary in PATH. Make sure firefox is installed. OS appears to be: WIN8
Build info: version: &apos;2.30.0&apos;, revision: &apos;dc1ef9ceb805a672f56dc49198f9ffbd4ca345c7&apos;, time: &apos;2013-02-19 09:14:38&apos;
System info: os.name: &apos;Windows 8&apos;, os.arch: &apos;amd64&apos;, os.version: &apos;6.2&apos;, java.version: &apos;1.6.0_41&apos;
Driver info: driver.version: FirefoxDriver
	at org.openqa.selenium.firefox.internal.Executable.&lt;init&gt;(Executable.java:69)
	at org.openqa.selenium.firefox.FirefoxBinary.&lt;init&gt;(FirefoxBinary.java:59)
	at org.openqa.selenium.firefox.FirefoxBinary.&lt;init&gt;(FirefoxBinary.java:55)
	at org.openqa.selenium.firefox.FirefoxDriver.&lt;init&gt;(FirefoxDriver.java:92)
	at org.sky.auto.normal.test.it168NorTest.testNor168(it168NorTest.java:13)
	at java.util.concurrent.ThreadPoolExecutor$Worker.runTask(ThreadPoolExecutor.java:895)
	at java.util.concurrent.ThreadPoolExecutor$Worker.run(ThreadPoolExecutor.java:918)
	at java.lang.Thread.run(Thread.java:662)
... Removed 10 stack frames</pre></div><a href='#' onClick='toggleBox("stack-trace2124414527", this, "Click to show all stack frames", "Click to hide stack frames")'>Click to show all stack frames</a>
<div class='stack-trace' id='stack-trace2124414527'><pre>org.openqa.selenium.WebDriverException: Cannot find firefox binary in PATH. Make sure firefox is installed. OS appears to be: WIN8
Build info: version: &apos;2.30.0&apos;, revision: &apos;dc1ef9ceb805a672f56dc49198f9ffbd4ca345c7&apos;, time: &apos;2013-02-19 09:14:38&apos;
System info: os.name: &apos;Windows 8&apos;, os.arch: &apos;amd64&apos;, os.version: &apos;6.2&apos;, java.version: &apos;1.6.0_41&apos;
Driver info: driver.version: FirefoxDriver
	at org.openqa.selenium.firefox.internal.Executable.&lt;init&gt;(Executable.java:69)
	at org.openqa.selenium.firefox.FirefoxBinary.&lt;init&gt;(FirefoxBinary.java:59)
	at org.openqa.selenium.firefox.FirefoxBinary.&lt;init&gt;(FirefoxBinary.java:55)
	at org.openqa.selenium.firefox.FirefoxDriver.&lt;init&gt;(FirefoxDriver.java:92)
	at org.sky.auto.normal.test.it168NorTest.testNor168(it168NorTest.java:13)
	at sun.reflect.NativeMethodAccessorImpl.invoke0(Native Method)
	at sun.reflect.NativeMethodAccessorImpl.invoke(NativeMethodAccessorImpl.java:39)
	at sun.reflect.DelegatingMethodAccessorImpl.invoke(DelegatingMethodAccessorImpl.java:25)
	at java.lang.reflect.Method.invoke(Method.java:597)
	at org.testng.internal.MethodInvocationHelper.invokeMethod(MethodInvocationHelper.java:80)
	at org.testng.internal.Invoker.invokeMethod(Invoker.java:714)
	at org.testng.internal.Invoker.invokeTestMethod(Invoker.java:901)
	at org.testng.internal.Invoker.invokeTestMethods(Invoker.java:1231)
	at org.testng.internal.TestMethodWorker.invokeTestMethods(TestMethodWorker.java:127)
	at org.testng.internal.TestMethodWorker.run(TestMethodWorker.java:111)
	at java.util.concurrent.ThreadPoolExecutor$Worker.runTask(ThreadPoolExecutor.java:895)
	at java.util.concurrent.ThreadPoolExecutor$Worker.run(ThreadPoolExecutor.java:918)
	at java.lang.Thread.run(Thread.java:662)
</pre></div></td>
<td>0</td>
<td>org.sky.auto.normal.test.it168NorTest@c5a67c9</td></tr>
</table><p>
<table width='100%' border='1' class='invocation-passed'>
<tr><td colspan='4' align='center'><b>PASSED TESTS</b></td></tr>
<tr><td><b>Test method</b></td>
<td width="30%"><b>Exception</b></td>
<td width="10%"><b>Time (seconds)</b></td>
<td><b>Instance</b></td>
</tr>
<tr>
<td title='org.sky.auto.test.FileFinderTest.testClassPath()'><b>testClassPath</b><br>Test class: org.sky.auto.test.FileFinderTest</td>
<td></td>
<td>0</td>
<td>org.sky.auto.test.FileFinderTest@353c375</td></tr>
</table><p>
<table width='100%' border='1' class='invocation-skipped'>
<tr><td colspan='4' align='center'><b>SKIPPED TESTS</b></td></tr>
<tr><td><b>Test method</b></td>
<td width="30%"><b>Exception</b></td>
<td width="10%"><b>Time (seconds)</b></td>
<td><b>Instance</b></td>
</tr>
<tr>
<td title='org.sky.auto.remote.RemoteTest.method1()'><b>method1</b><br>Test class: org.sky.auto.remote.RemoteTest</td>
<td></td>
<td>0</td>
<td>org.sky.auto.remote.RemoteTest@106caf16</td></tr>
<tr>
<td title='org.sky.auto.remote.RemoteTest.method2()'><b>method2</b><br>Test class: org.sky.auto.remote.RemoteTest</td>
<td></td>
<td>0</td>
<td>org.sky.auto.remote.RemoteTest@106caf16</td></tr>
<tr>
<td title='org.sky.auto.remote.RemoteTest.method3()'><b>method3</b><br>Test class: org.sky.auto.remote.RemoteTest</td>
<td></td>
<td>0</td>
<td>org.sky.auto.remote.RemoteTest@106caf16</td></tr>
<tr>
<td title='org.sky.auto.test.JUnitRemoteBaseTest.methodOne()'><b>methodOne</b><br>Test class: org.sky.auto.test.JUnitRemoteBaseTest</td>
<td></td>
<td>0</td>
<td>org.sky.auto.test.JUnitRemoteBaseTest@50618d26</td></tr>
<tr>
<td title='org.sky.auto.test.JUnitRemoteBaseTest.methodThree()'><b>methodThree</b><br>Test class: org.sky.auto.test.JUnitRemoteBaseTest</td>
<td></td>
<td>0</td>
<td>org.sky.auto.test.JUnitRemoteBaseTest@50618d26</td></tr>
<tr>
<td title='org.sky.auto.test.JUnitRemoteBaseTest.methodTwo()'><b>methodTwo</b><br>Test class: org.sky.auto.test.JUnitRemoteBaseTest</td>
<td><div><pre>java.lang.RuntimeException: org.databene.benerator.IllegalGeneratorStateException: Generation failed: 
	at java.util.concurrent.ThreadPoolExecutor$Worker.runTask(ThreadPoolExecutor.java:895)
	at java.util.concurrent.ThreadPoolExecutor$Worker.run(ThreadPoolExecutor.java:918)
	at java.lang.Thread.run(Thread.java:662)
Caused by: org.databene.benerator.IllegalGeneratorStateException: Generation failed: 
	at org.databene.benerator.wrapper.DataSourceGenerator.generate(DataSourceGenerator.java:103)
	at org.databene.benerator.wrapper.GeneratorWrapper.generateFromSource(GeneratorWrapper.java:69)
	at org.databene.benerator.wrapper.ConvertingGenerator.generate(ConvertingGenerator.java:76)
	at org.databene.benerator.wrapper.GeneratorWrapper.generateFromSource(GeneratorWrapper.java:69)
	at org.databene.benerator.wrapper.LastProductDetector.init(LastProductDetector.java:46)
	at org.databene.benerator.anno.AnnotationMapper.createAndInitMethodParamsGenerator(AnnotationMapper.java:176)
	at org.sky.auto.data.testng.excel.TestNGFeed.feeder(TestNGFeed.java:26)
	... 9 more
Caused by: org.databene.commons.ConfigurationError: Resource not found: browser.xls
	at org.databene.commons.IOUtil.getResourceAsStream(IOUtil.java:561)
	at org.databene.commons.IOUtil.getFileOrResourceAsStream(IOUtil.java:548)
	at org.databene.commons.IOUtil.getInputStreamForURI(IOUtil.java:202)
	at org.databene.commons.IOUtil.getInputStreamForURI(IOUtil.java:186)
	at org.databene.document.xls.XLSLineIterator.sheet(XLSLineIterator.java:139)
	at org.databene.document.xls.XLSLineIterator.&lt;init&gt;(XLSLineIterator.java:67)
	at org.databene.document.xls.XLSLineIterator.&lt;init&gt;(XLSLineIterator.java:63)
	at org.databene.document.xls.XLSLineIterator.&lt;init&gt;(XLSLineIterator.java:59)
	at org.databene.document.xls.XLSSource.iterator(XLSSource.java:56)
	at org.databene.webdecs.util.DataSourceProxy.iterator(DataSourceProxy.java:40)
	at org.databene.webdecs.util.OffsetDataSource.iterator(OffsetDataSource.java:46)
	at org.databene.webdecs.util.ConvertingDataSource.iterator(ConvertingDataSource.java:51)
	at org.databene.benerator.wrapper.DataSourceGenerator.generate(DataSourceGenerator.java:95)
	... 21 more
... Removed 13 stack frames</pre></div><a href='#' onClick='toggleBox("stack-trace611877339", this, "Click to show all stack frames", "Click to hide stack frames")'>Click to show all stack frames</a>
<div class='stack-trace' id='stack-trace611877339'><pre>java.lang.RuntimeException: org.databene.benerator.IllegalGeneratorStateException: Generation failed: 
	at org.testng.internal.MethodInvocationHelper.invokeDataProvider(MethodInvocationHelper.java:143)
	at org.testng.internal.Parameters.handleParameters(Parameters.java:426)
	at org.testng.internal.Invoker.handleParameters(Invoker.java:1383)
	at org.testng.internal.Invoker.createParameters(Invoker.java:1075)
	at org.testng.internal.Invoker.invokeTestMethods(Invoker.java:1180)
	at org.testng.internal.TestMethodWorker.invokeTestMethods(TestMethodWorker.java:127)
	at org.testng.internal.TestMethodWorker.run(TestMethodWorker.java:111)
	at java.util.concurrent.ThreadPoolExecutor$Worker.runTask(ThreadPoolExecutor.java:895)
	at java.util.concurrent.ThreadPoolExecutor$Worker.run(ThreadPoolExecutor.java:918)
	at java.lang.Thread.run(Thread.java:662)
Caused by: org.databene.benerator.IllegalGeneratorStateException: Generation failed: 
	at org.databene.benerator.wrapper.DataSourceGenerator.generate(DataSourceGenerator.java:103)
	at org.databene.benerator.wrapper.GeneratorWrapper.generateFromSource(GeneratorWrapper.java:69)
	at org.databene.benerator.wrapper.ConvertingGenerator.generate(ConvertingGenerator.java:76)
	at org.databene.benerator.wrapper.GeneratorWrapper.generateFromSource(GeneratorWrapper.java:69)
	at org.databene.benerator.wrapper.LastProductDetector.init(LastProductDetector.java:46)
	at org.databene.benerator.anno.AnnotationMapper.createAndInitMethodParamsGenerator(AnnotationMapper.java:176)
	at org.sky.auto.data.testng.excel.TestNGFeed.feeder(TestNGFeed.java:26)
	at sun.reflect.NativeMethodAccessorImpl.invoke0(Native Method)
	at sun.reflect.NativeMethodAccessorImpl.invoke(NativeMethodAccessorImpl.java:39)
	at sun.reflect.DelegatingMethodAccessorImpl.invoke(DelegatingMethodAccessorImpl.java:25)
	at java.lang.reflect.Method.invoke(Method.java:597)
	at org.testng.internal.MethodInvocationHelper.invokeMethod(MethodInvocationHelper.java:80)
	at org.testng.internal.MethodInvocationHelper.invokeDataProvider(MethodInvocationHelper.java:135)
	... 9 more
Caused by: org.databene.commons.ConfigurationError: Resource not found: browser.xls
	at org.databene.commons.IOUtil.getResourceAsStream(IOUtil.java:561)
	at org.databene.commons.IOUtil.getFileOrResourceAsStream(IOUtil.java:548)
	at org.databene.commons.IOUtil.getInputStreamForURI(IOUtil.java:202)
	at org.databene.commons.IOUtil.getInputStreamForURI(IOUtil.java:186)
	at org.databene.document.xls.XLSLineIterator.sheet(XLSLineIterator.java:139)
	at org.databene.document.xls.XLSLineIterator.&lt;init&gt;(XLSLineIterator.java:67)
	at org.databene.document.xls.XLSLineIterator.&lt;init&gt;(XLSLineIterator.java:63)
	at org.databene.document.xls.XLSLineIterator.&lt;init&gt;(XLSLineIterator.java:59)
	at org.databene.document.xls.XLSSource.iterator(XLSSource.java:56)
	at org.databene.webdecs.util.DataSourceProxy.iterator(DataSourceProxy.java:40)
	at org.databene.webdecs.util.OffsetDataSource.iterator(OffsetDataSource.java:46)
	at org.databene.webdecs.util.ConvertingDataSource.iterator(ConvertingDataSource.java:51)
	at org.databene.benerator.wrapper.DataSourceGenerator.generate(DataSourceGenerator.java:95)
	... 21 more
</pre></div></td>
<td>1</td>
<td>org.sky.auto.test.JUnitRemoteBaseTest@50618d26</td></tr>
</table><p>
</body>
</html>