<!DOCTYPE html>

<html>
  <head>
  <title>TestNG reports</title>

    <link type="text/css" href="testng-reports.css" rel="stylesheet" />  
    <script type="text/javascript" src="jquery-1.7.1.min.js"></script>
    <script type="text/javascript" src="testng-reports.js"></script>
    <script type="text/javascript" src="https://www.google.com/jsapi"></script>
    <script type='text/javascript'>
      google.load('visualization', '1', {packages:['table']});
      google.setOnLoadCallback(drawTable);
      var suiteTableInitFunctions = new Array();
      var suiteTableData = new Array();
    </script>
    <!--
      <script type="text/javascript" src="jquery-ui/js/jquery-ui-1.8.16.custom.min.js"></script>
     -->
  </head>

  <body>
    <div class="top-banner-root">
      <span class="top-banner-title-font">Test results</span>
      <br/>
      <span class="top-banner-font-1">1 suite, 5 failed tests</span>
    </div> <!-- top-banner-root -->
    <div class="navigator-root">
      <div class="navigator-suite-header">
        <span>All suites</span>
        <a href="#" class="collapse-all-link" title="Collapse/expand all the suites">
          <img class="collapse-all-icon" src="collapseall.gif">
          </img> <!-- collapse-all-icon -->
        </a> <!-- collapse-all-link -->
      </div> <!-- navigator-suite-header -->
      <div class="suite">
        <div class="rounded-window">
          <div class="suite-header light-rounded-window-top">
            <a href="#" class="navigator-link" panel-name="suite-Command_line_suite">
              <span class="suite-name border-failed">Command line suite</span>
            </a> <!-- navigator-link -->
          </div> <!-- suite-header light-rounded-window-top -->
          <div class="navigator-suite-content">
            <div class="suite-section-title">
              <span>Info</span>
            </div> <!-- suite-section-title -->
            <div class="suite-section-content">
              <ul>
                <li>
                  <a href="#" class="navigator-link " panel-name="test-xml-Command_line_suite">
                    <span>[unset file name]</span>
                  </a> <!-- navigator-link  -->
                </li>
                <li>
                  <a href="#" class="navigator-link " panel-name="testlist-Command_line_suite">
                    <span class="test-stats">1 test</span>
                  </a> <!-- navigator-link  -->
                </li>
                <li>
                  <a href="#" class="navigator-link " panel-name="group-Command_line_suite">
                    <span>0 groups</span>
                  </a> <!-- navigator-link  -->
                </li>
                <li>
                  <a href="#" class="navigator-link " panel-name="times-Command_line_suite">
                    <span>Times</span>
                  </a> <!-- navigator-link  -->
                </li>
                <li>
                  <a href="#" class="navigator-link " panel-name="reporter-Command_line_suite">
                    <span>Reporter output</span>
                  </a> <!-- navigator-link  -->
                </li>
                <li>
                  <a href="#" class="navigator-link " panel-name="ignored-methods-Command_line_suite">
                    <span>Ignored methods</span>
                  </a> <!-- navigator-link  -->
                </li>
                <li>
                  <a href="#" class="navigator-link " panel-name="chronological-Command_line_suite">
                    <span>Chronological view</span>
                  </a> <!-- navigator-link  -->
                </li>
              </ul>
            </div> <!-- suite-section-content -->
            <div class="result-section">
              <div class="suite-section-title">
                <span>Results</span>
              </div> <!-- suite-section-title -->
              <div class="suite-section-content">
                <ul>
                  <li>
                    <span class="method-stats">11 methods, 5 failed,  5 skipped,  1 passed</span>
                  </li>
                  <li>
                    <span class="method-list-title failed">Failed methods</span>
                    <span class="show-or-hide-methods failed">
                      <a href="#" panel-name="suite-Command_line_suite" class="hide-methods failed suite-Command_line_suite"> (hide)</a> <!-- hide-methods failed suite-Command_line_suite -->
                      <a href="#" panel-name="suite-Command_line_suite" class="show-methods failed suite-Command_line_suite"> (show)</a> <!-- show-methods failed suite-Command_line_suite -->
                    </span>
                    <div class="method-list-content failed suite-Command_line_suite">
                      <span>
                        <img width="3%" src="failed.png"/>
                        <a href="#" class="method navigator-link" panel-name="suite-Command_line_suite" title="org.sky.auto.test.DataTest" hash-for-method="maxTest">maxTest</a> <!-- method navigator-link -->
                      </span>
                      <br/>
                      <span>
                        <img width="3%" src="failed.png"/>
                        <a href="#" class="method navigator-link" panel-name="suite-Command_line_suite" title="org.sky.auto.test.JUnitRemoteBaseTest" hash-for-method="methodTwo">methodTwo</a> <!-- method navigator-link -->
                      </span>
                      <br/>
                      <span>
                        <img width="3%" src="failed.png"/>
                        <a href="#" class="method navigator-link" panel-name="suite-Command_line_suite" title="org.sky.auto.pagetest.Test168page" hash-for-method="test168">test168</a> <!-- method navigator-link -->
                      </span>
                      <br/>
                      <span>
                        <img width="3%" src="failed.png"/>
                        <a href="#" class="method navigator-link" panel-name="suite-Command_line_suite" title="org.sky.auto.test.NewTest" hash-for-method="testBaidu">testBaidu</a> <!-- method navigator-link -->
                      </span>
                      <br/>
                      <span>
                        <img width="3%" src="failed.png"/>
                        <a href="#" class="method navigator-link" panel-name="suite-Command_line_suite" title="org.sky.auto.normal.test.it168NorTest" hash-for-method="testNor168">testNor168</a> <!-- method navigator-link -->
                      </span>
                      <br/>
                    </div> <!-- method-list-content failed suite-Command_line_suite -->
                  </li>
                  <li>
                    <span class="method-list-title skipped">Skipped methods</span>
                    <span class="show-or-hide-methods skipped">
                      <a href="#" panel-name="suite-Command_line_suite" class="hide-methods skipped suite-Command_line_suite"> (hide)</a> <!-- hide-methods skipped suite-Command_line_suite -->
                      <a href="#" panel-name="suite-Command_line_suite" class="show-methods skipped suite-Command_line_suite"> (show)</a> <!-- show-methods skipped suite-Command_line_suite -->
                    </span>
                    <div class="method-list-content skipped suite-Command_line_suite">
                      <span>
                        <img width="3%" src="skipped.png"/>
                        <a href="#" class="method navigator-link" panel-name="suite-Command_line_suite" title="org.sky.auto.remote.RemoteTest" hash-for-method="method1">method1</a> <!-- method navigator-link -->
                      </span>
                      <br/>
                      <span>
                        <img width="3%" src="skipped.png"/>
                        <a href="#" class="method navigator-link" panel-name="suite-Command_line_suite" title="org.sky.auto.remote.RemoteTest" hash-for-method="method2">method2</a> <!-- method navigator-link -->
                      </span>
                      <br/>
                      <span>
                        <img width="3%" src="skipped.png"/>
                        <a href="#" class="method navigator-link" panel-name="suite-Command_line_suite" title="org.sky.auto.remote.RemoteTest" hash-for-method="method3">method3</a> <!-- method navigator-link -->
                      </span>
                      <br/>
                      <span>
                        <img width="3%" src="skipped.png"/>
                        <a href="#" class="method navigator-link" panel-name="suite-Command_line_suite" title="org.sky.auto.test.JUnitRemoteBaseTest" hash-for-method="methodOne">methodOne</a> <!-- method navigator-link -->
                      </span>
                      <br/>
                      <span>
                        <img width="3%" src="skipped.png"/>
                        <a href="#" class="method navigator-link" panel-name="suite-Command_line_suite" title="org.sky.auto.test.JUnitRemoteBaseTest" hash-for-method="methodThree">methodThree</a> <!-- method navigator-link -->
                      </span>
                      <br/>
                    </div> <!-- method-list-content skipped suite-Command_line_suite -->
                  </li>
                  <li>
                    <span class="method-list-title passed">Passed methods</span>
                    <span class="show-or-hide-methods passed">
                      <a href="#" panel-name="suite-Command_line_suite" class="hide-methods passed suite-Command_line_suite"> (hide)</a> <!-- hide-methods passed suite-Command_line_suite -->
                      <a href="#" panel-name="suite-Command_line_suite" class="show-methods passed suite-Command_line_suite"> (show)</a> <!-- show-methods passed suite-Command_line_suite -->
                    </span>
                    <div class="method-list-content passed suite-Command_line_suite">
                      <span>
                        <img width="3%" src="passed.png"/>
                        <a href="#" class="method navigator-link" panel-name="suite-Command_line_suite" title="org.sky.auto.test.FileFinderTest" hash-for-method="testClassPath">testClassPath</a> <!-- method navigator-link -->
                      </span>
                      <br/>
                    </div> <!-- method-list-content passed suite-Command_line_suite -->
                  </li>
                </ul>
              </div> <!-- suite-section-content -->
            </div> <!-- result-section -->
          </div> <!-- navigator-suite-content -->
        </div> <!-- rounded-window -->
      </div> <!-- suite -->
    </div> <!-- navigator-root -->
    <div class="wrapper">
      <div class="main-panel-root">
        <div panel-name="suite-Command_line_suite" class="panel Command_line_suite">
          <div class="suite-Command_line_suite-class-failed">
            <div class="main-panel-header rounded-window-top">
              <img src="failed.png"/>
              <span class="class-name">org.sky.auto.test.DataTest</span>
            </div> <!-- main-panel-header rounded-window-top -->
            <div class="main-panel-content rounded-window-bottom">
              <div class="method">
                <div class="method-content">
                  <a name="maxTest">
                  </a> <!-- maxTest -->
                  <span class="method-name">maxTest</span>
                  <div class="stack-trace"><b>"org.openqa.selenium.WebDriverException: Cannot find firefox binary in PATH. Make sure firefox is installed. OS appears to be: WIN8
Build info: version: &apos;2.30.0&apos;, revision: &apos;dc1ef9ceb805a672f56dc49198f9ffbd4ca345c7&apos;, time: &apos;2013-02-19 09:14:38&apos;
System info: os.name: &apos;Windows 8&apos;, os.arch: &apos;amd64&apos;, os.version: &apos;6.2&apos;, java.version: &apos;1.6.0_41&apos;
Driver info: driver.version: AutoDriver
	at org.openqa.selenium.firefox.internal.Executable.&lt;init&gt;(Executable.java:69)
	at org.openqa.selenium.firefox.FirefoxBinary.&lt;init&gt;(FirefoxBinary.java:59)
	at org.openqa.selenium.firefox.FirefoxBinary.&lt;init&gt;(FirefoxBinary.java:55)
	at org.openqa.selenium.firefox.FirefoxDriver.&lt;init&gt;(FirefoxDriver.java:92)
	at org.sky.auto.driver.AutoDriver$Firefox$1.initialValue(AutoDriver.java:43)
	at org.sky.auto.driver.AutoDriver$Firefox$1.initialValue(AutoDriver.java:1)
	at java.lang.ThreadLocal.setInitialValue(ThreadLocal.java:141)
	at java.lang.ThreadLocal.get(ThreadLocal.java:131)
	at org.sky.auto.driver.AutoDriver$Firefox.firefox(AutoDriver.java:54)
	at org.sky.auto.driver.AutoDriver.setDriver(AutoDriver.java:268)
	at org.sky.auto.base.AutoBase.open(AutoBase.java:92)
	at org.sky.auto.test.DataTest.maxTest(DataTest.java:20)
	at java.util.concurrent.ThreadPoolExecutor$Worker.runTask(ThreadPoolExecutor.java:895)
	at java.util.concurrent.ThreadPoolExecutor$Worker.run(ThreadPoolExecutor.java:918)
	at java.lang.Thread.run(Thread.java:662)
... Removed 10 stack frames<br/> org.openqa.selenium.WebDriverException: Cannot find firefox binary in PATH. Make sure firefox is installed. OS appears to be: WIN8
Build info: version: &apos;2.30.0&apos;, revision: &apos;dc1ef9ceb805a672f56dc49198f9ffbd4ca345c7&apos;, time: &apos;2013-02-19 09:14:38&apos;
System info: os.name: &apos;Windows 8&apos;, os.arch: &apos;amd64&apos;, os.version: &apos;6.2&apos;, java.version: &apos;1.6.0_41&apos;
Driver info: driver.version: AutoDriver
	at org.openqa.selenium.firefox.internal.Executable.&lt;init&gt;(Executable.java:69)
	at org.openqa.selenium.firefox.FirefoxBinary.&lt;init&gt;(FirefoxBinary.java:59)
	at org.openqa.selenium.firefox.FirefoxBinary.&lt;init&gt;(FirefoxBinary.java:55)
	at org.openqa.selenium.firefox.FirefoxDriver.&lt;init&gt;(FirefoxDriver.java:92)
	at org.sky.auto.driver.AutoDriver$Firefox$1.initialValue(AutoDriver.java:43)
	at org.sky.auto.driver.AutoDriver$Firefox$1.initialValue(AutoDriver.java:1)
	at java.lang.ThreadLocal.setInitialValue(ThreadLocal.java:141)
	at java.lang.ThreadLocal.get(ThreadLocal.java:131)
	at org.sky.auto.driver.AutoDriver$Firefox.firefox(AutoDriver.java:54)
	at org.sky.auto.driver.AutoDriver.setDriver(AutoDriver.java:268)
	at org.sky.auto.base.AutoBase.open(AutoBase.java:92)
	at org.sky.auto.test.DataTest.maxTest(DataTest.java:20)
	at sun.reflect.NativeMethodAccessorImpl.invoke0(Native Method)
	at sun.reflect.NativeMethodAccessorImpl.invoke(NativeMethodAccessorImpl.java:39)
	at sun.reflect.DelegatingMethodAccessorImpl.invoke(DelegatingMethodAccessorImpl.java:25)
	at java.lang.reflect.Method.invoke(Method.java:597)
	at org.testng.internal.MethodInvocationHelper.invokeMethod(MethodInvocationHelper.java:80)
	at org.testng.internal.Invoker.invokeMethod(Invoker.java:714)
	at org.testng.internal.Invoker.invokeTestMethod(Invoker.java:901)
	at org.testng.internal.Invoker.invokeTestMethods(Invoker.java:1231)
	at org.testng.internal.TestMethodWorker.invokeTestMethods(TestMethodWorker.java:127)
	at org.testng.internal.TestMethodWorker.run(TestMethodWorker.java:111)
	at java.util.concurrent.ThreadPoolExecutor$Worker.runTask(ThreadPoolExecutor.java:895)
	at java.util.concurrent.ThreadPoolExecutor$Worker.run(ThreadPoolExecutor.java:918)
	at java.lang.Thread.run(Thread.java:662)
"</b><br>org.openqa.selenium.firefox.internal.Executable.<init>(Executable.java:69)<br>org.openqa.selenium.firefox.FirefoxBinary.<init>(FirefoxBinary.java:59)<br>org.openqa.selenium.firefox.FirefoxBinary.<init>(FirefoxBinary.java:55)<br>org.openqa.selenium.firefox.FirefoxDriver.<init>(FirefoxDriver.java:92)<br>org.sky.auto.driver.AutoDriver$Firefox$1.initialValue(AutoDriver.java:43)<br>org.sky.auto.driver.AutoDriver$Firefox$1.initialValue(AutoDriver.java:1)<br>java.lang.ThreadLocal.setInitialValue(ThreadLocal.java:141)<br>java.lang.ThreadLocal.get(ThreadLocal.java:131)<br>org.sky.auto.driver.AutoDriver$Firefox.firefox(AutoDriver.java:54)<br>org.sky.auto.driver.AutoDriver.setDriver(AutoDriver.java:268)<br>org.sky.auto.base.AutoBase.open(AutoBase.java:92)<br>org.sky.auto.test.DataTest.maxTest(DataTest.java:20)<br>sun.reflect.NativeMethodAccessorImpl.invoke0(Native Method)<br>sun.reflect.NativeMethodAccessorImpl.invoke(NativeMethodAccessorImpl.java:39)<br>sun.reflect.DelegatingMethodAccessorImpl.invoke(DelegatingMethodAccessorImpl.java:25)<br>java.lang.reflect.Method.invoke(Method.java:597)<br>org.testng.internal.MethodInvocationHelper.invokeMethod(MethodInvocationHelper.java:80)<br>org.testng.internal.Invoker.invokeMethod(Invoker.java:714)<br>org.testng.internal.Invoker.invokeTestMethod(Invoker.java:901)<br>org.testng.internal.Invoker.invokeTestMethods(Invoker.java:1231)<br>org.testng.internal.TestMethodWorker.invokeTestMethods(TestMethodWorker.java:127)<br>org.testng.internal.TestMethodWorker.run(TestMethodWorker.java:111)<br>java.util.concurrent.ThreadPoolExecutor$Worker.runTask(ThreadPoolExecutor.java:895)<br>java.util.concurrent.ThreadPoolExecutor$Worker.run(ThreadPoolExecutor.java:918)<br>java.lang.Thread.run(Thread.java:662)<br>
</div> <!-- stack-trace -->
                </div> <!-- method-content -->
              </div> <!-- method -->
            </div> <!-- main-panel-content rounded-window-bottom -->
          </div> <!-- suite-Command_line_suite-class-failed -->
          <div class="suite-Command_line_suite-class-failed">
            <div class="main-panel-header rounded-window-top">
              <img src="failed.png"/>
              <span class="class-name">org.sky.auto.test.NewTest</span>
            </div> <!-- main-panel-header rounded-window-top -->
            <div class="main-panel-content rounded-window-bottom">
              <div class="method">
                <div class="method-content">
                  <a name="testBaidu">
                  </a> <!-- testBaidu -->
                  <span class="method-name">testBaidu</span>
                  <div class="stack-trace"><b>"org.openqa.selenium.WebDriverException: Cannot find firefox binary in PATH. Make sure firefox is installed. OS appears to be: WIN8
Build info: version: &apos;2.30.0&apos;, revision: &apos;dc1ef9ceb805a672f56dc49198f9ffbd4ca345c7&apos;, time: &apos;2013-02-19 09:14:38&apos;
System info: os.name: &apos;Windows 8&apos;, os.arch: &apos;amd64&apos;, os.version: &apos;6.2&apos;, java.version: &apos;1.6.0_41&apos;
Driver info: driver.version: AutoDriver
	at org.openqa.selenium.firefox.internal.Executable.&lt;init&gt;(Executable.java:69)
	at org.openqa.selenium.firefox.FirefoxBinary.&lt;init&gt;(FirefoxBinary.java:59)
	at org.openqa.selenium.firefox.FirefoxBinary.&lt;init&gt;(FirefoxBinary.java:55)
	at org.openqa.selenium.firefox.FirefoxDriver.&lt;init&gt;(FirefoxDriver.java:92)
	at org.sky.auto.driver.AutoDriver$Firefox$1.initialValue(AutoDriver.java:43)
	at org.sky.auto.driver.AutoDriver$Firefox$1.initialValue(AutoDriver.java:1)
	at java.lang.ThreadLocal.setInitialValue(ThreadLocal.java:141)
	at java.lang.ThreadLocal.get(ThreadLocal.java:131)
	at org.sky.auto.driver.AutoDriver$Firefox.firefox(AutoDriver.java:54)
	at org.sky.auto.driver.AutoDriver.setDriver(AutoDriver.java:268)
	at org.sky.auto.base.AutoBase.open(AutoBase.java:92)
	at org.sky.auto.window.Window.open(Window.java:240)
	at org.sky.auto.test.NewTest.testBaidu(NewTest.java:30)
	at java.util.concurrent.ThreadPoolExecutor$Worker.runTask(ThreadPoolExecutor.java:895)
	at java.util.concurrent.ThreadPoolExecutor$Worker.run(ThreadPoolExecutor.java:918)
	at java.lang.Thread.run(Thread.java:662)
... Removed 10 stack frames<br/> org.openqa.selenium.WebDriverException: Cannot find firefox binary in PATH. Make sure firefox is installed. OS appears to be: WIN8
Build info: version: &apos;2.30.0&apos;, revision: &apos;dc1ef9ceb805a672f56dc49198f9ffbd4ca345c7&apos;, time: &apos;2013-02-19 09:14:38&apos;
System info: os.name: &apos;Windows 8&apos;, os.arch: &apos;amd64&apos;, os.version: &apos;6.2&apos;, java.version: &apos;1.6.0_41&apos;
Driver info: driver.version: AutoDriver
	at org.openqa.selenium.firefox.internal.Executable.&lt;init&gt;(Executable.java:69)
	at org.openqa.selenium.firefox.FirefoxBinary.&lt;init&gt;(FirefoxBinary.java:59)
	at org.openqa.selenium.firefox.FirefoxBinary.&lt;init&gt;(FirefoxBinary.java:55)
	at org.openqa.selenium.firefox.FirefoxDriver.&lt;init&gt;(FirefoxDriver.java:92)
	at org.sky.auto.driver.AutoDriver$Firefox$1.initialValue(AutoDriver.java:43)
	at org.sky.auto.driver.AutoDriver$Firefox$1.initialValue(AutoDriver.java:1)
	at java.lang.ThreadLocal.setInitialValue(ThreadLocal.java:141)
	at java.lang.ThreadLocal.get(ThreadLocal.java:131)
	at org.sky.auto.driver.AutoDriver$Firefox.firefox(AutoDriver.java:54)
	at org.sky.auto.driver.AutoDriver.setDriver(AutoDriver.java:268)
	at org.sky.auto.base.AutoBase.open(AutoBase.java:92)
	at org.sky.auto.window.Window.open(Window.java:240)
	at org.sky.auto.test.NewTest.testBaidu(NewTest.java:30)
	at sun.reflect.NativeMethodAccessorImpl.invoke0(Native Method)
	at sun.reflect.NativeMethodAccessorImpl.invoke(NativeMethodAccessorImpl.java:39)
	at sun.reflect.DelegatingMethodAccessorImpl.invoke(DelegatingMethodAccessorImpl.java:25)
	at java.lang.reflect.Method.invoke(Method.java:597)
	at org.testng.internal.MethodInvocationHelper.invokeMethod(MethodInvocationHelper.java:80)
	at org.testng.internal.Invoker.invokeMethod(Invoker.java:714)
	at org.testng.internal.Invoker.invokeTestMethod(Invoker.java:901)
	at org.testng.internal.Invoker.invokeTestMethods(Invoker.java:1231)
	at org.testng.internal.TestMethodWorker.invokeTestMethods(TestMethodWorker.java:127)
	at org.testng.internal.TestMethodWorker.run(TestMethodWorker.java:111)
	at java.util.concurrent.ThreadPoolExecutor$Worker.runTask(ThreadPoolExecutor.java:895)
	at java.util.concurrent.ThreadPoolExecutor$Worker.run(ThreadPoolExecutor.java:918)
	at java.lang.Thread.run(Thread.java:662)
"</b><br>org.openqa.selenium.firefox.internal.Executable.<init>(Executable.java:69)<br>org.openqa.selenium.firefox.FirefoxBinary.<init>(FirefoxBinary.java:59)<br>org.openqa.selenium.firefox.FirefoxBinary.<init>(FirefoxBinary.java:55)<br>org.openqa.selenium.firefox.FirefoxDriver.<init>(FirefoxDriver.java:92)<br>org.sky.auto.driver.AutoDriver$Firefox$1.initialValue(AutoDriver.java:43)<br>org.sky.auto.driver.AutoDriver$Firefox$1.initialValue(AutoDriver.java:1)<br>java.lang.ThreadLocal.setInitialValue(ThreadLocal.java:141)<br>java.lang.ThreadLocal.get(ThreadLocal.java:131)<br>org.sky.auto.driver.AutoDriver$Firefox.firefox(AutoDriver.java:54)<br>org.sky.auto.driver.AutoDriver.setDriver(AutoDriver.java:268)<br>org.sky.auto.base.AutoBase.open(AutoBase.java:92)<br>org.sky.auto.window.Window.open(Window.java:240)<br>org.sky.auto.test.NewTest.testBaidu(NewTest.java:30)<br>sun.reflect.NativeMethodAccessorImpl.invoke0(Native Method)<br>sun.reflect.NativeMethodAccessorImpl.invoke(NativeMethodAccessorImpl.java:39)<br>sun.reflect.DelegatingMethodAccessorImpl.invoke(DelegatingMethodAccessorImpl.java:25)<br>java.lang.reflect.Method.invoke(Method.java:597)<br>org.testng.internal.MethodInvocationHelper.invokeMethod(MethodInvocationHelper.java:80)<br>org.testng.internal.Invoker.invokeMethod(Invoker.java:714)<br>org.testng.internal.Invoker.invokeTestMethod(Invoker.java:901)<br>org.testng.internal.Invoker.invokeTestMethods(Invoker.java:1231)<br>org.testng.internal.TestMethodWorker.invokeTestMethods(TestMethodWorker.java:127)<br>org.testng.internal.TestMethodWorker.run(TestMethodWorker.java:111)<br>java.util.concurrent.ThreadPoolExecutor$Worker.runTask(ThreadPoolExecutor.java:895)<br>java.util.concurrent.ThreadPoolExecutor$Worker.run(ThreadPoolExecutor.java:918)<br>java.lang.Thread.run(Thread.java:662)<br>
</div> <!-- stack-trace -->
                </div> <!-- method-content -->
              </div> <!-- method -->
            </div> <!-- main-panel-content rounded-window-bottom -->
          </div> <!-- suite-Command_line_suite-class-failed -->
          <div class="suite-Command_line_suite-class-failed">
            <div class="main-panel-header rounded-window-top">
              <img src="failed.png"/>
              <span class="class-name">org.sky.auto.pagetest.Test168page</span>
            </div> <!-- main-panel-header rounded-window-top -->
            <div class="main-panel-content rounded-window-bottom">
              <div class="method">
                <div class="method-content">
                  <a name="test168">
                  </a> <!-- test168 -->
                  <span class="method-name">test168</span>
                  <div class="stack-trace"><b>"org.openqa.selenium.WebDriverException: Cannot find firefox binary in PATH. Make sure firefox is installed. OS appears to be: WIN8
Build info: version: &apos;2.30.0&apos;, revision: &apos;dc1ef9ceb805a672f56dc49198f9ffbd4ca345c7&apos;, time: &apos;2013-02-19 09:14:38&apos;
System info: os.name: &apos;Windows 8&apos;, os.arch: &apos;amd64&apos;, os.version: &apos;6.2&apos;, java.version: &apos;1.6.0_41&apos;
Driver info: driver.version: AutoDriver
	at org.openqa.selenium.firefox.internal.Executable.&lt;init&gt;(Executable.java:69)
	at org.openqa.selenium.firefox.FirefoxBinary.&lt;init&gt;(FirefoxBinary.java:59)
	at org.openqa.selenium.firefox.FirefoxBinary.&lt;init&gt;(FirefoxBinary.java:55)
	at org.openqa.selenium.firefox.FirefoxDriver.&lt;init&gt;(FirefoxDriver.java:92)
	at org.sky.auto.driver.AutoDriver$Firefox$1.initialValue(AutoDriver.java:43)
	at org.sky.auto.driver.AutoDriver$Firefox$1.initialValue(AutoDriver.java:1)
	at java.lang.ThreadLocal.setInitialValue(ThreadLocal.java:141)
	at java.lang.ThreadLocal.get(ThreadLocal.java:131)
	at org.sky.auto.driver.AutoDriver$Firefox.firefox(AutoDriver.java:54)
	at org.sky.auto.driver.AutoDriver.setDriver(AutoDriver.java:268)
	at org.sky.auto.base.AutoBase.open(AutoBase.java:92)
	at org.sky.auto.pagetest.Test168page.test168(Test168page.java:17)
	at java.util.concurrent.ThreadPoolExecutor$Worker.runTask(ThreadPoolExecutor.java:895)
	at java.util.concurrent.ThreadPoolExecutor$Worker.run(ThreadPoolExecutor.java:918)
	at java.lang.Thread.run(Thread.java:662)
... Removed 10 stack frames<br/> org.openqa.selenium.WebDriverException: Cannot find firefox binary in PATH. Make sure firefox is installed. OS appears to be: WIN8
Build info: version: &apos;2.30.0&apos;, revision: &apos;dc1ef9ceb805a672f56dc49198f9ffbd4ca345c7&apos;, time: &apos;2013-02-19 09:14:38&apos;
System info: os.name: &apos;Windows 8&apos;, os.arch: &apos;amd64&apos;, os.version: &apos;6.2&apos;, java.version: &apos;1.6.0_41&apos;
Driver info: driver.version: AutoDriver
	at org.openqa.selenium.firefox.internal.Executable.&lt;init&gt;(Executable.java:69)
	at org.openqa.selenium.firefox.FirefoxBinary.&lt;init&gt;(FirefoxBinary.java:59)
	at org.openqa.selenium.firefox.FirefoxBinary.&lt;init&gt;(FirefoxBinary.java:55)
	at org.openqa.selenium.firefox.FirefoxDriver.&lt;init&gt;(FirefoxDriver.java:92)
	at org.sky.auto.driver.AutoDriver$Firefox$1.initialValue(AutoDriver.java:43)
	at org.sky.auto.driver.AutoDriver$Firefox$1.initialValue(AutoDriver.java:1)
	at java.lang.ThreadLocal.setInitialValue(ThreadLocal.java:141)
	at java.lang.ThreadLocal.get(ThreadLocal.java:131)
	at org.sky.auto.driver.AutoDriver$Firefox.firefox(AutoDriver.java:54)
	at org.sky.auto.driver.AutoDriver.setDriver(AutoDriver.java:268)
	at org.sky.auto.base.AutoBase.open(AutoBase.java:92)
	at org.sky.auto.pagetest.Test168page.test168(Test168page.java:17)
	at sun.reflect.NativeMethodAccessorImpl.invoke0(Native Method)
	at sun.reflect.NativeMethodAccessorImpl.invoke(NativeMethodAccessorImpl.java:39)
	at sun.reflect.DelegatingMethodAccessorImpl.invoke(DelegatingMethodAccessorImpl.java:25)
	at java.lang.reflect.Method.invoke(Method.java:597)
	at org.testng.internal.MethodInvocationHelper.invokeMethod(MethodInvocationHelper.java:80)
	at org.testng.internal.Invoker.invokeMethod(Invoker.java:714)
	at org.testng.internal.Invoker.invokeTestMethod(Invoker.java:901)
	at org.testng.internal.Invoker.invokeTestMethods(Invoker.java:1231)
	at org.testng.internal.TestMethodWorker.invokeTestMethods(TestMethodWorker.java:127)
	at org.testng.internal.TestMethodWorker.run(TestMethodWorker.java:111)
	at java.util.concurrent.ThreadPoolExecutor$Worker.runTask(ThreadPoolExecutor.java:895)
	at java.util.concurrent.ThreadPoolExecutor$Worker.run(ThreadPoolExecutor.java:918)
	at java.lang.Thread.run(Thread.java:662)
"</b><br>org.openqa.selenium.firefox.internal.Executable.<init>(Executable.java:69)<br>org.openqa.selenium.firefox.FirefoxBinary.<init>(FirefoxBinary.java:59)<br>org.openqa.selenium.firefox.FirefoxBinary.<init>(FirefoxBinary.java:55)<br>org.openqa.selenium.firefox.FirefoxDriver.<init>(FirefoxDriver.java:92)<br>org.sky.auto.driver.AutoDriver$Firefox$1.initialValue(AutoDriver.java:43)<br>org.sky.auto.driver.AutoDriver$Firefox$1.initialValue(AutoDriver.java:1)<br>java.lang.ThreadLocal.setInitialValue(ThreadLocal.java:141)<br>java.lang.ThreadLocal.get(ThreadLocal.java:131)<br>org.sky.auto.driver.AutoDriver$Firefox.firefox(AutoDriver.java:54)<br>org.sky.auto.driver.AutoDriver.setDriver(AutoDriver.java:268)<br>org.sky.auto.base.AutoBase.open(AutoBase.java:92)<br>org.sky.auto.pagetest.Test168page.test168(Test168page.java:17)<br>sun.reflect.NativeMethodAccessorImpl.invoke0(Native Method)<br>sun.reflect.NativeMethodAccessorImpl.invoke(NativeMethodAccessorImpl.java:39)<br>sun.reflect.DelegatingMethodAccessorImpl.invoke(DelegatingMethodAccessorImpl.java:25)<br>java.lang.reflect.Method.invoke(Method.java:597)<br>org.testng.internal.MethodInvocationHelper.invokeMethod(MethodInvocationHelper.java:80)<br>org.testng.internal.Invoker.invokeMethod(Invoker.java:714)<br>org.testng.internal.Invoker.invokeTestMethod(Invoker.java:901)<br>org.testng.internal.Invoker.invokeTestMethods(Invoker.java:1231)<br>org.testng.internal.TestMethodWorker.invokeTestMethods(TestMethodWorker.java:127)<br>org.testng.internal.TestMethodWorker.run(TestMethodWorker.java:111)<br>java.util.concurrent.ThreadPoolExecutor$Worker.runTask(ThreadPoolExecutor.java:895)<br>java.util.concurrent.ThreadPoolExecutor$Worker.run(ThreadPoolExecutor.java:918)<br>java.lang.Thread.run(Thread.java:662)<br>
</div> <!-- stack-trace -->
                </div> <!-- method-content -->
              </div> <!-- method -->
            </div> <!-- main-panel-content rounded-window-bottom -->
          </div> <!-- suite-Command_line_suite-class-failed -->
          <div class="suite-Command_line_suite-class-failed">
            <div class="main-panel-header rounded-window-top">
              <img src="failed.png"/>
              <span class="class-name">org.sky.auto.normal.test.it168NorTest</span>
            </div> <!-- main-panel-header rounded-window-top -->
            <div class="main-panel-content rounded-window-bottom">
              <div class="method">
                <div class="method-content">
                  <a name="testNor168">
                  </a> <!-- testNor168 -->
                  <span class="method-name">testNor168</span>
                  <div class="stack-trace"><b>"org.openqa.selenium.WebDriverException: Cannot find firefox binary in PATH. Make sure firefox is installed. OS appears to be: WIN8
Build info: version: &apos;2.30.0&apos;, revision: &apos;dc1ef9ceb805a672f56dc49198f9ffbd4ca345c7&apos;, time: &apos;2013-02-19 09:14:38&apos;
System info: os.name: &apos;Windows 8&apos;, os.arch: &apos;amd64&apos;, os.version: &apos;6.2&apos;, java.version: &apos;1.6.0_41&apos;
Driver info: driver.version: FirefoxDriver
	at org.openqa.selenium.firefox.internal.Executable.&lt;init&gt;(Executable.java:69)
	at org.openqa.selenium.firefox.FirefoxBinary.&lt;init&gt;(FirefoxBinary.java:59)
	at org.openqa.selenium.firefox.FirefoxBinary.&lt;init&gt;(FirefoxBinary.java:55)
	at org.openqa.selenium.firefox.FirefoxDriver.&lt;init&gt;(FirefoxDriver.java:92)
	at org.sky.auto.normal.test.it168NorTest.testNor168(it168NorTest.java:13)
	at java.util.concurrent.ThreadPoolExecutor$Worker.runTask(ThreadPoolExecutor.java:895)
	at java.util.concurrent.ThreadPoolExecutor$Worker.run(ThreadPoolExecutor.java:918)
	at java.lang.Thread.run(Thread.java:662)
... Removed 10 stack frames<br/> org.openqa.selenium.WebDriverException: Cannot find firefox binary in PATH. Make sure firefox is installed. OS appears to be: WIN8
Build info: version: &apos;2.30.0&apos;, revision: &apos;dc1ef9ceb805a672f56dc49198f9ffbd4ca345c7&apos;, time: &apos;2013-02-19 09:14:38&apos;
System info: os.name: &apos;Windows 8&apos;, os.arch: &apos;amd64&apos;, os.version: &apos;6.2&apos;, java.version: &apos;1.6.0_41&apos;
Driver info: driver.version: FirefoxDriver
	at org.openqa.selenium.firefox.internal.Executable.&lt;init&gt;(Executable.java:69)
	at org.openqa.selenium.firefox.FirefoxBinary.&lt;init&gt;(FirefoxBinary.java:59)
	at org.openqa.selenium.firefox.FirefoxBinary.&lt;init&gt;(FirefoxBinary.java:55)
	at org.openqa.selenium.firefox.FirefoxDriver.&lt;init&gt;(FirefoxDriver.java:92)
	at org.sky.auto.normal.test.it168NorTest.testNor168(it168NorTest.java:13)
	at sun.reflect.NativeMethodAccessorImpl.invoke0(Native Method)
	at sun.reflect.NativeMethodAccessorImpl.invoke(NativeMethodAccessorImpl.java:39)
	at sun.reflect.DelegatingMethodAccessorImpl.invoke(DelegatingMethodAccessorImpl.java:25)
	at java.lang.reflect.Method.invoke(Method.java:597)
	at org.testng.internal.MethodInvocationHelper.invokeMethod(MethodInvocationHelper.java:80)
	at org.testng.internal.Invoker.invokeMethod(Invoker.java:714)
	at org.testng.internal.Invoker.invokeTestMethod(Invoker.java:901)
	at org.testng.internal.Invoker.invokeTestMethods(Invoker.java:1231)
	at org.testng.internal.TestMethodWorker.invokeTestMethods(TestMethodWorker.java:127)
	at org.testng.internal.TestMethodWorker.run(TestMethodWorker.java:111)
	at java.util.concurrent.ThreadPoolExecutor$Worker.runTask(ThreadPoolExecutor.java:895)
	at java.util.concurrent.ThreadPoolExecutor$Worker.run(ThreadPoolExecutor.java:918)
	at java.lang.Thread.run(Thread.java:662)
"</b><br>org.openqa.selenium.firefox.internal.Executable.<init>(Executable.java:69)<br>org.openqa.selenium.firefox.FirefoxBinary.<init>(FirefoxBinary.java:59)<br>org.openqa.selenium.firefox.FirefoxBinary.<init>(FirefoxBinary.java:55)<br>org.openqa.selenium.firefox.FirefoxDriver.<init>(FirefoxDriver.java:92)<br>org.sky.auto.normal.test.it168NorTest.testNor168(it168NorTest.java:13)<br>sun.reflect.NativeMethodAccessorImpl.invoke0(Native Method)<br>sun.reflect.NativeMethodAccessorImpl.invoke(NativeMethodAccessorImpl.java:39)<br>sun.reflect.DelegatingMethodAccessorImpl.invoke(DelegatingMethodAccessorImpl.java:25)<br>java.lang.reflect.Method.invoke(Method.java:597)<br>org.testng.internal.MethodInvocationHelper.invokeMethod(MethodInvocationHelper.java:80)<br>org.testng.internal.Invoker.invokeMethod(Invoker.java:714)<br>org.testng.internal.Invoker.invokeTestMethod(Invoker.java:901)<br>org.testng.internal.Invoker.invokeTestMethods(Invoker.java:1231)<br>org.testng.internal.TestMethodWorker.invokeTestMethods(TestMethodWorker.java:127)<br>org.testng.internal.TestMethodWorker.run(TestMethodWorker.java:111)<br>java.util.concurrent.ThreadPoolExecutor$Worker.runTask(ThreadPoolExecutor.java:895)<br>java.util.concurrent.ThreadPoolExecutor$Worker.run(ThreadPoolExecutor.java:918)<br>java.lang.Thread.run(Thread.java:662)<br>
</div> <!-- stack-trace -->
                </div> <!-- method-content -->
              </div> <!-- method -->
            </div> <!-- main-panel-content rounded-window-bottom -->
          </div> <!-- suite-Command_line_suite-class-failed -->
          <div class="suite-Command_line_suite-class-failed">
            <div class="main-panel-header rounded-window-top">
              <img src="failed.png"/>
              <span class="class-name">org.sky.auto.test.JUnitRemoteBaseTest</span>
            </div> <!-- main-panel-header rounded-window-top -->
            <div class="main-panel-content rounded-window-bottom">
              <div class="method">
                <div class="method-content">
                  <a name="methodTwo">
                  </a> <!-- methodTwo -->
                  <span class="method-name">methodTwo</span>
                  <div class="stack-trace"><b>"java.lang.RuntimeException: org.databene.benerator.IllegalGeneratorStateException: Generation failed: 
	at java.util.concurrent.ThreadPoolExecutor$Worker.runTask(ThreadPoolExecutor.java:895)
	at java.util.concurrent.ThreadPoolExecutor$Worker.run(ThreadPoolExecutor.java:918)
	at java.lang.Thread.run(Thread.java:662)
Caused by: org.databene.benerator.IllegalGeneratorStateException: Generation failed: 
	at org.databene.benerator.wrapper.DataSourceGenerator.generate(DataSourceGenerator.java:103)
	at org.databene.benerator.wrapper.GeneratorWrapper.generateFromSource(GeneratorWrapper.java:69)
	at org.databene.benerator.wrapper.ConvertingGenerator.generate(ConvertingGenerator.java:76)
	at org.databene.benerator.wrapper.GeneratorWrapper.generateFromSource(GeneratorWrapper.java:69)
	at org.databene.benerator.wrapper.LastProductDetector.init(LastProductDetector.java:46)
	at org.databene.benerator.anno.AnnotationMapper.createAndInitMethodParamsGenerator(AnnotationMapper.java:176)
	at org.sky.auto.data.testng.excel.TestNGFeed.feeder(TestNGFeed.java:26)
	... 9 more
Caused by: org.databene.commons.ConfigurationError: Resource not found: browser.xls
	at org.databene.commons.IOUtil.getResourceAsStream(IOUtil.java:561)
	at org.databene.commons.IOUtil.getFileOrResourceAsStream(IOUtil.java:548)
	at org.databene.commons.IOUtil.getInputStreamForURI(IOUtil.java:202)
	at org.databene.commons.IOUtil.getInputStreamForURI(IOUtil.java:186)
	at org.databene.document.xls.XLSLineIterator.sheet(XLSLineIterator.java:139)
	at org.databene.document.xls.XLSLineIterator.&lt;init&gt;(XLSLineIterator.java:67)
	at org.databene.document.xls.XLSLineIterator.&lt;init&gt;(XLSLineIterator.java:63)
	at org.databene.document.xls.XLSLineIterator.&lt;init&gt;(XLSLineIterator.java:59)
	at org.databene.document.xls.XLSSource.iterator(XLSSource.java:56)
	at org.databene.webdecs.util.DataSourceProxy.iterator(DataSourceProxy.java:40)
	at org.databene.webdecs.util.OffsetDataSource.iterator(OffsetDataSource.java:46)
	at org.databene.webdecs.util.ConvertingDataSource.iterator(ConvertingDataSource.java:51)
	at org.databene.benerator.wrapper.DataSourceGenerator.generate(DataSourceGenerator.java:95)
	... 21 more
... Removed 13 stack frames<br/> java.lang.RuntimeException: org.databene.benerator.IllegalGeneratorStateException: Generation failed: 
	at org.testng.internal.MethodInvocationHelper.invokeDataProvider(MethodInvocationHelper.java:143)
	at org.testng.internal.Parameters.handleParameters(Parameters.java:426)
	at org.testng.internal.Invoker.handleParameters(Invoker.java:1383)
	at org.testng.internal.Invoker.createParameters(Invoker.java:1075)
	at org.testng.internal.Invoker.invokeTestMethods(Invoker.java:1180)
	at org.testng.internal.TestMethodWorker.invokeTestMethods(TestMethodWorker.java:127)
	at org.testng.internal.TestMethodWorker.run(TestMethodWorker.java:111)
	at java.util.concurrent.ThreadPoolExecutor$Worker.runTask(ThreadPoolExecutor.java:895)
	at java.util.concurrent.ThreadPoolExecutor$Worker.run(ThreadPoolExecutor.java:918)
	at java.lang.Thread.run(Thread.java:662)
Caused by: org.databene.benerator.IllegalGeneratorStateException: Generation failed: 
	at org.databene.benerator.wrapper.DataSourceGenerator.generate(DataSourceGenerator.java:103)
	at org.databene.benerator.wrapper.GeneratorWrapper.generateFromSource(GeneratorWrapper.java:69)
	at org.databene.benerator.wrapper.ConvertingGenerator.generate(ConvertingGenerator.java:76)
	at org.databene.benerator.wrapper.GeneratorWrapper.generateFromSource(GeneratorWrapper.java:69)
	at org.databene.benerator.wrapper.LastProductDetector.init(LastProductDetector.java:46)
	at org.databene.benerator.anno.AnnotationMapper.createAndInitMethodParamsGenerator(AnnotationMapper.java:176)
	at org.sky.auto.data.testng.excel.TestNGFeed.feeder(TestNGFeed.java:26)
	at sun.reflect.NativeMethodAccessorImpl.invoke0(Native Method)
	at sun.reflect.NativeMethodAccessorImpl.invoke(NativeMethodAccessorImpl.java:39)
	at sun.reflect.DelegatingMethodAccessorImpl.invoke(DelegatingMethodAccessorImpl.java:25)
	at java.lang.reflect.Method.invoke(Method.java:597)
	at org.testng.internal.MethodInvocationHelper.invokeMethod(MethodInvocationHelper.java:80)
	at org.testng.internal.MethodInvocationHelper.invokeDataProvider(MethodInvocationHelper.java:135)
	... 9 more
Caused by: org.databene.commons.ConfigurationError: Resource not found: browser.xls
	at org.databene.commons.IOUtil.getResourceAsStream(IOUtil.java:561)
	at org.databene.commons.IOUtil.getFileOrResourceAsStream(IOUtil.java:548)
	at org.databene.commons.IOUtil.getInputStreamForURI(IOUtil.java:202)
	at org.databene.commons.IOUtil.getInputStreamForURI(IOUtil.java:186)
	at org.databene.document.xls.XLSLineIterator.sheet(XLSLineIterator.java:139)
	at org.databene.document.xls.XLSLineIterator.&lt;init&gt;(XLSLineIterator.java:67)
	at org.databene.document.xls.XLSLineIterator.&lt;init&gt;(XLSLineIterator.java:63)
	at org.databene.document.xls.XLSLineIterator.&lt;init&gt;(XLSLineIterator.java:59)
	at org.databene.document.xls.XLSSource.iterator(XLSSource.java:56)
	at org.databene.webdecs.util.DataSourceProxy.iterator(DataSourceProxy.java:40)
	at org.databene.webdecs.util.OffsetDataSource.iterator(OffsetDataSource.java:46)
	at org.databene.webdecs.util.ConvertingDataSource.iterator(ConvertingDataSource.java:51)
	at org.databene.benerator.wrapper.DataSourceGenerator.generate(DataSourceGenerator.java:95)
	... 21 more
"</b><br>org.testng.internal.MethodInvocationHelper.invokeDataProvider(MethodInvocationHelper.java:143)<br>org.testng.internal.Parameters.handleParameters(Parameters.java:426)<br>org.testng.internal.Invoker.handleParameters(Invoker.java:1383)<br>org.testng.internal.Invoker.createParameters(Invoker.java:1075)<br>org.testng.internal.Invoker.invokeTestMethods(Invoker.java:1180)<br>org.testng.internal.TestMethodWorker.invokeTestMethods(TestMethodWorker.java:127)<br>org.testng.internal.TestMethodWorker.run(TestMethodWorker.java:111)<br>java.util.concurrent.ThreadPoolExecutor$Worker.runTask(ThreadPoolExecutor.java:895)<br>java.util.concurrent.ThreadPoolExecutor$Worker.run(ThreadPoolExecutor.java:918)<br>java.lang.Thread.run(Thread.java:662)<br>
</div> <!-- stack-trace -->
                </div> <!-- method-content -->
              </div> <!-- method -->
            </div> <!-- main-panel-content rounded-window-bottom -->
          </div> <!-- suite-Command_line_suite-class-failed -->
          <div class="suite-Command_line_suite-class-skipped">
            <div class="main-panel-header rounded-window-top">
              <img src="skipped.png"/>
              <span class="class-name">org.sky.auto.test.JUnitRemoteBaseTest</span>
            </div> <!-- main-panel-header rounded-window-top -->
            <div class="main-panel-content rounded-window-bottom">
              <div class="method">
                <div class="method-content">
                  <a name="methodOne">
                  </a> <!-- methodOne -->
                  <span class="method-name">methodOne</span>
                </div> <!-- method-content -->
              </div> <!-- method -->
              <div class="method">
                <div class="method-content">
                  <a name="methodThree">
                  </a> <!-- methodThree -->
                  <span class="method-name">methodThree</span>
                </div> <!-- method-content -->
              </div> <!-- method -->
            </div> <!-- main-panel-content rounded-window-bottom -->
          </div> <!-- suite-Command_line_suite-class-skipped -->
          <div class="suite-Command_line_suite-class-skipped">
            <div class="main-panel-header rounded-window-top">
              <img src="skipped.png"/>
              <span class="class-name">org.sky.auto.remote.RemoteTest</span>
            </div> <!-- main-panel-header rounded-window-top -->
            <div class="main-panel-content rounded-window-bottom">
              <div class="method">
                <div class="method-content">
                  <a name="method1">
                  </a> <!-- method1 -->
                  <span class="method-name">method1</span>
                </div> <!-- method-content -->
              </div> <!-- method -->
              <div class="method">
                <div class="method-content">
                  <a name="method2">
                  </a> <!-- method2 -->
                  <span class="method-name">method2</span>
                </div> <!-- method-content -->
              </div> <!-- method -->
              <div class="method">
                <div class="method-content">
                  <a name="method3">
                  </a> <!-- method3 -->
                  <span class="method-name">method3</span>
                </div> <!-- method-content -->
              </div> <!-- method -->
            </div> <!-- main-panel-content rounded-window-bottom -->
          </div> <!-- suite-Command_line_suite-class-skipped -->
          <div class="suite-Command_line_suite-class-passed">
            <div class="main-panel-header rounded-window-top">
              <img src="passed.png"/>
              <span class="class-name">org.sky.auto.test.FileFinderTest</span>
            </div> <!-- main-panel-header rounded-window-top -->
            <div class="main-panel-content rounded-window-bottom">
              <div class="method">
                <div class="method-content">
                  <a name="testClassPath">
                  </a> <!-- testClassPath -->
                  <span class="method-name">testClassPath</span>
                </div> <!-- method-content -->
              </div> <!-- method -->
            </div> <!-- main-panel-content rounded-window-bottom -->
          </div> <!-- suite-Command_line_suite-class-passed -->
        </div> <!-- panel Command_line_suite -->
        <div panel-name="test-xml-Command_line_suite" class="panel">
          <div class="main-panel-header rounded-window-top">
          </div> <!-- main-panel-header rounded-window-top -->
          <div class="main-panel-content rounded-window-bottom">
            <pre>
&lt;?xml version=&quot;1.0&quot; encoding=&quot;UTF-8&quot;?&gt;
&lt;!DOCTYPE suite SYSTEM &quot;http://testng.org/testng-1.0.dtd&quot;&gt;
&lt;suite verbose=&quot;0&quot; name=&quot;Command line suite&quot; parallel=&quot;methods&quot;&gt;
  &lt;test name=&quot;Command line test&quot; preserve-order=&quot;false&quot;&gt;
    &lt;classes&gt;
      &lt;class name=&quot;org.sky.auto.eventtest.ExceptionTest&quot;/&gt;
      &lt;class name=&quot;org.sky.auto.eventtest.ListenerTest&quot;/&gt;
      &lt;class name=&quot;org.sky.auto.mail.MailTest&quot;/&gt;
      &lt;class name=&quot;org.sky.auto.normal.test.AutoHomeSearchTest&quot;/&gt;
      &lt;class name=&quot;org.sky.auto.normal.test.it168NorTest&quot;/&gt;
      &lt;class name=&quot;org.sky.auto.pagetest.Test168page&quot;/&gt;
      &lt;class name=&quot;org.sky.auto.remote.RemoteTest&quot;/&gt;
      &lt;class name=&quot;org.sky.auto.story.test.StoryListenerTest&quot;/&gt;
      &lt;class name=&quot;org.sky.auto.test.ComoboxTest&quot;/&gt;
      &lt;class name=&quot;org.sky.auto.test.DataTest&quot;/&gt;
      &lt;class name=&quot;org.sky.auto.test.FileFinderTest&quot;/&gt;
      &lt;class name=&quot;org.sky.auto.test.FindByTest&quot;/&gt;
      &lt;class name=&quot;org.sky.auto.test.HttpClientTest&quot;/&gt;
      &lt;class name=&quot;org.sky.auto.test.InstrumentationTest&quot;/&gt;
      &lt;class name=&quot;org.sky.auto.test.JUnitBaseTest&quot;/&gt;
      &lt;class name=&quot;org.sky.auto.test.JUnitRemoteBaseTest&quot;/&gt;
      &lt;class name=&quot;org.sky.auto.test.JUnitThreadRunnerTest&quot;/&gt;
      &lt;class name=&quot;org.sky.auto.test.ListenerTest&quot;/&gt;
      &lt;class name=&quot;org.sky.auto.test.NewTest&quot;/&gt;
      &lt;class name=&quot;org.sky.auto.test.ParamtersTest&quot;/&gt;
    &lt;/classes&gt;
  &lt;/test&gt; &lt;!-- Command line test --&gt;
&lt;/suite&gt; &lt;!-- Command line suite --&gt;
            </pre>
          </div> <!-- main-panel-content rounded-window-bottom -->
        </div> <!-- panel -->
        <div panel-name="testlist-Command_line_suite" class="panel">
          <div class="main-panel-header rounded-window-top">
            <span class="header-content">Tests for Command line suite</span>
          </div> <!-- main-panel-header rounded-window-top -->
          <div class="main-panel-content rounded-window-bottom">
            <ul>
              <li>
                <span class="test-name">Command line test (20 classes)</span>
              </li>
            </ul>
          </div> <!-- main-panel-content rounded-window-bottom -->
        </div> <!-- panel -->
        <div panel-name="group-Command_line_suite" class="panel">
          <div class="main-panel-header rounded-window-top">
            <span class="header-content">Groups for Command line suite</span>
          </div> <!-- main-panel-header rounded-window-top -->
          <div class="main-panel-content rounded-window-bottom">
          </div> <!-- main-panel-content rounded-window-bottom -->
        </div> <!-- panel -->
        <div panel-name="times-Command_line_suite" class="panel">
          <div class="main-panel-header rounded-window-top">
            <span class="header-content">Times for Command line suite</span>
          </div> <!-- main-panel-header rounded-window-top -->
          <div class="main-panel-content rounded-window-bottom">
            <div class="times-div">
              <script type="text/javascript">
suiteTableInitFunctions.push('tableData_Command_line_suite');
function tableData_Command_line_suite() {
var data = new google.visualization.DataTable();
data.addColumn('number', 'Number');
data.addColumn('string', 'Method');
data.addColumn('string', 'Class');
data.addColumn('number', 'Time (ms)');
data.addRows(11);
data.setCell(0, 0, 0)
data.setCell(0, 1, 'maxTest')
data.setCell(0, 2, 'org.sky.auto.test.DataTest')
data.setCell(0, 3, 151);
data.setCell(1, 0, 1)
data.setCell(1, 1, 'testBaidu')
data.setCell(1, 2, 'org.sky.auto.test.NewTest')
data.setCell(1, 3, 103);
data.setCell(2, 0, 2)
data.setCell(2, 1, 'test168')
data.setCell(2, 2, 'org.sky.auto.pagetest.Test168page')
data.setCell(2, 3, 83);
data.setCell(3, 0, 3)
data.setCell(3, 1, 'testNor168')
data.setCell(3, 2, 'org.sky.auto.normal.test.it168NorTest')
data.setCell(3, 3, 79);
data.setCell(4, 0, 4)
data.setCell(4, 1, 'testClassPath')
data.setCell(4, 2, 'org.sky.auto.test.FileFinderTest')
data.setCell(4, 3, 18);
data.setCell(5, 0, 5)
data.setCell(5, 1, 'methodThree')
data.setCell(5, 2, 'org.sky.auto.test.JUnitRemoteBaseTest')
data.setCell(5, 3, 1);
data.setCell(6, 0, 6)
data.setCell(6, 1, 'methodOne')
data.setCell(6, 2, 'org.sky.auto.test.JUnitRemoteBaseTest')
data.setCell(6, 3, 1);
data.setCell(7, 0, 7)
data.setCell(7, 1, 'methodTwo')
data.setCell(7, 2, 'org.sky.auto.test.JUnitRemoteBaseTest')
data.setCell(7, 3, 0);
data.setCell(8, 0, 8)
data.setCell(8, 1, 'method3')
data.setCell(8, 2, 'org.sky.auto.remote.RemoteTest')
data.setCell(8, 3, 0);
data.setCell(9, 0, 9)
data.setCell(9, 1, 'method2')
data.setCell(9, 2, 'org.sky.auto.remote.RemoteTest')
data.setCell(9, 3, 0);
data.setCell(10, 0, 10)
data.setCell(10, 1, 'method1')
data.setCell(10, 2, 'org.sky.auto.remote.RemoteTest')
data.setCell(10, 3, 0);
window.suiteTableData['Command_line_suite']= { tableData: data, tableDiv: 'times-div-Command_line_suite'}
return data;
}
              </script>
              <span class="suite-total-time">Total running time: 436 ms</span>
              <div id="times-div-Command_line_suite">
              </div> <!-- times-div-Command_line_suite -->
            </div> <!-- times-div -->
          </div> <!-- main-panel-content rounded-window-bottom -->
        </div> <!-- panel -->
        <div panel-name="reporter-Command_line_suite" class="panel">
          <div class="main-panel-header rounded-window-top">
            <span class="header-content">Reporter output for Command line suite</span>
          </div> <!-- main-panel-header rounded-window-top -->
          <div class="main-panel-content rounded-window-bottom">
          </div> <!-- main-panel-content rounded-window-bottom -->
        </div> <!-- panel -->
        <div panel-name="ignored-methods-Command_line_suite" class="panel">
          <div class="main-panel-header rounded-window-top">
            <span class="header-content">0 ignored methods</span>
          </div> <!-- main-panel-header rounded-window-top -->
          <div class="main-panel-content rounded-window-bottom">
          </div> <!-- main-panel-content rounded-window-bottom -->
        </div> <!-- panel -->
        <div panel-name="chronological-Command_line_suite" class="panel">
          <div class="main-panel-header rounded-window-top">
            <span class="header-content">Methods in chronological order</span>
          </div> <!-- main-panel-header rounded-window-top -->
          <div class="main-panel-content rounded-window-bottom">
            <div class="chronological-class">
              <div class="chronological-class-name">org.sky.auto.test.JUnitRemoteBaseTest</div> <!-- chronological-class-name -->
              <div class="configuration-method before">
                <span class="method-name">setUp</span>
                <span class="method-start">0 ms</span>
              </div> <!-- configuration-method before -->
            </div> <!-- chronological-class -->
            <div class="chronological-class">
              <div class="chronological-class-name">org.sky.auto.test.DataTest</div> <!-- chronological-class-name -->
              <div class="test-method">
                <img src="failed.png">
                </img>
                <span class="method-name">maxTest</span>
                <span class="method-start">0 ms</span>
              </div> <!-- test-method -->
            </div> <!-- chronological-class -->
            <div class="chronological-class">
              <div class="chronological-class-name">org.sky.auto.test.FileFinderTest</div> <!-- chronological-class-name -->
              <div class="test-method">
                <span class="method-name">testClassPath</span>
                <span class="method-start">0 ms</span>
              </div> <!-- test-method -->
            </div> <!-- chronological-class -->
            <div class="chronological-class">
              <div class="chronological-class-name">org.sky.auto.test.JUnitRemoteBaseTest</div> <!-- chronological-class-name -->
              <div class="configuration-method before">
                <span class="method-name">setUp</span>
                <span class="method-start">1 ms</span>
              </div> <!-- configuration-method before -->
            </div> <!-- chronological-class -->
            <div class="chronological-class">
              <div class="chronological-class-name">org.sky.auto.test.NewTest</div> <!-- chronological-class-name -->
              <div class="configuration-method before">
                <span class="method-name">setUp</span>
                <span class="method-start">19 ms</span>
              </div> <!-- configuration-method before -->
              <div class="test-method">
                <img src="failed.png">
                </img>
                <span class="method-name">testBaidu</span>
                <span class="method-start">44 ms</span>
              </div> <!-- test-method -->
            </div> <!-- chronological-class -->
            <div class="chronological-class">
              <div class="chronological-class-name">org.sky.auto.test.JUnitRemoteBaseTest</div> <!-- chronological-class-name -->
              <div class="test-method">
                <span class="method-name">methodOne</span>
                <span class="method-start">62 ms</span>
              </div> <!-- test-method -->
              <div class="test-method">
                <span class="method-name">methodThree</span>
                <span class="method-start">62 ms</span>
              </div> <!-- test-method -->
            </div> <!-- chronological-class -->
            <div class="chronological-class">
              <div class="chronological-class-name">org.sky.auto.remote.RemoteTest</div> <!-- chronological-class-name -->
              <div class="test-method">
                <span class="method-name">method2</span>
                <span class="method-start">65 ms</span>
              </div> <!-- test-method -->
              <div class="test-method">
                <span class="method-name">method1</span>
                <span class="method-start">65 ms</span>
              </div> <!-- test-method -->
            </div> <!-- chronological-class -->
            <div class="chronological-class">
              <div class="chronological-class-name">org.sky.auto.pagetest.Test168page</div> <!-- chronological-class-name -->
              <div class="test-method">
                <img src="failed.png">
                </img>
                <span class="method-name">test168</span>
                <span class="method-start">66 ms</span>
              </div> <!-- test-method -->
            </div> <!-- chronological-class -->
            <div class="chronological-class">
              <div class="chronological-class-name">org.sky.auto.remote.RemoteTest</div> <!-- chronological-class-name -->
              <div class="test-method">
                <span class="method-name">method3</span>
                <span class="method-start">67 ms</span>
              </div> <!-- test-method -->
            </div> <!-- chronological-class -->
            <div class="chronological-class">
              <div class="chronological-class-name">org.sky.auto.normal.test.it168NorTest</div> <!-- chronological-class-name -->
              <div class="test-method">
                <img src="failed.png">
                </img>
                <span class="method-name">testNor168</span>
                <span class="method-start">68 ms</span>
              </div> <!-- test-method -->
            </div> <!-- chronological-class -->
            <div class="chronological-class">
              <div class="chronological-class-name">org.sky.auto.test.NewTest</div> <!-- chronological-class-name -->
              <div class="configuration-method after">
                <img src="failed.png">
                </img>
                <span class="method-name">destory</span>
                <span class="method-start">155 ms</span>
              </div> <!-- configuration-method after -->
          </div> <!-- main-panel-content rounded-window-bottom -->
        </div> <!-- panel -->
      </div> <!-- main-panel-root -->
    </div> <!-- wrapper -->
  </body>
</html>
