<?xml version="1.0" encoding="UTF-8"?>
<testng-results skipped="5" failed="5" total="11" passed="1">
  <reporter-output>
  </reporter-output>
  <suite name="Command line suite" duration-ms="1024" started-at="2013-02-28T09:23:56Z" finished-at="2013-02-28T09:23:57Z">
    <groups>
    </groups>
    <test name="Command line test" duration-ms="1024" started-at="2013-02-28T09:23:56Z" finished-at="2013-02-28T09:23:57Z">
      <class name="org.sky.auto.test.NewTest">
        <test-method status="PASS" signature="setUp()[pri:0, instance:org.sky.auto.test.NewTest@47171b26]" name="setUp" is-config="true" duration-ms="25" started-at="2013-02-28T17:23:56Z" finished-at="2013-02-28T17:23:56Z">
          <reporter-output>
          </reporter-output>
        </test-method> <!-- setUp -->
        <test-method status="FAIL" signature="testBaidu()[pri:0, instance:org.sky.auto.test.NewTest@47171b26]" name="testBaidu" duration-ms="103" started-at="2013-02-28T17:23:56Z" finished-at="2013-02-28T17:23:56Z">
          <exception class="org.openqa.selenium.WebDriverException">
            <message>
              <![CDATA[Cannot find firefox binary in PATH. Make sure firefox is installed. OS appears to be: WIN8
Build info: version: '2.30.0', revision: 'dc1ef9ceb805a672f56dc49198f9ffbd4ca345c7', time: '2013-02-19 09:14:38'
System info: os.name: 'Windows 8', os.arch: 'amd64', os.version: '6.2', java.version: '1.6.0_41'
Driver info: driver.version: AutoDriver]]>
            </message>
            <full-stacktrace>
              <![CDATA[org.openqa.selenium.WebDriverException: Cannot find firefox binary in PATH. Make sure firefox is installed. OS appears to be: WIN8
Build info: version: '2.30.0', revision: 'dc1ef9ceb805a672f56dc49198f9ffbd4ca345c7', time: '2013-02-19 09:14:38'
System info: os.name: 'Windows 8', os.arch: 'amd64', os.version: '6.2', java.version: '1.6.0_41'
Driver info: driver.version: AutoDriver
	at org.openqa.selenium.firefox.internal.Executable.<init>(Executable.java:69)
	at org.openqa.selenium.firefox.FirefoxBinary.<init>(FirefoxBinary.java:59)
	at org.openqa.selenium.firefox.FirefoxBinary.<init>(FirefoxBinary.java:55)
	at org.openqa.selenium.firefox.FirefoxDriver.<init>(FirefoxDriver.java:92)
	at org.sky.auto.driver.AutoDriver$Firefox$1.initialValue(AutoDriver.java:43)
	at org.sky.auto.driver.AutoDriver$Firefox$1.initialValue(AutoDriver.java:1)
	at java.lang.ThreadLocal.setInitialValue(ThreadLocal.java:141)
	at java.lang.ThreadLocal.get(ThreadLocal.java:131)
	at org.sky.auto.driver.AutoDriver$Firefox.firefox(AutoDriver.java:54)
	at org.sky.auto.driver.AutoDriver.setDriver(AutoDriver.java:268)
	at org.sky.auto.base.AutoBase.open(AutoBase.java:92)
	at org.sky.auto.window.Window.open(Window.java:240)
	at org.sky.auto.test.NewTest.testBaidu(NewTest.java:30)
	at sun.reflect.NativeMethodAccessorImpl.invoke0(Native Method)
	at sun.reflect.NativeMethodAccessorImpl.invoke(NativeMethodAccessorImpl.java:39)
	at sun.reflect.DelegatingMethodAccessorImpl.invoke(DelegatingMethodAccessorImpl.java:25)
	at java.lang.reflect.Method.invoke(Method.java:597)
	at org.testng.internal.MethodInvocationHelper.invokeMethod(MethodInvocationHelper.java:80)
	at org.testng.internal.Invoker.invokeMethod(Invoker.java:714)
	at org.testng.internal.Invoker.invokeTestMethod(Invoker.java:901)
	at org.testng.internal.Invoker.invokeTestMethods(Invoker.java:1231)
	at org.testng.internal.TestMethodWorker.invokeTestMethods(TestMethodWorker.java:127)
	at org.testng.internal.TestMethodWorker.run(TestMethodWorker.java:111)
	at java.util.concurrent.ThreadPoolExecutor$Worker.runTask(ThreadPoolExecutor.java:895)
	at java.util.concurrent.ThreadPoolExecutor$Worker.run(ThreadPoolExecutor.java:918)
	at java.lang.Thread.run(Thread.java:662)
]]>
            </full-stacktrace>
          </exception> <!-- org.openqa.selenium.WebDriverException -->
          <reporter-output>
          </reporter-output>
        </test-method> <!-- testBaidu -->
        <test-method status="FAIL" signature="destory()[pri:0, instance:org.sky.auto.test.NewTest@47171b26]" name="destory" is-config="true" duration-ms="0" started-at="2013-02-28T17:23:56Z" finished-at="2013-02-28T17:23:56Z">
          <exception class="java.lang.NullPointerException">
            <full-stacktrace>
              <![CDATA[java.lang.NullPointerException
	at org.sky.auto.window.Window.closeAllWindows(Window.java:121)
	at org.sky.auto.base.TestNGBase.destory(TestNGBase.java:22)
	at sun.reflect.NativeMethodAccessorImpl.invoke0(Native Method)
	at sun.reflect.NativeMethodAccessorImpl.invoke(NativeMethodAccessorImpl.java:39)
	at sun.reflect.DelegatingMethodAccessorImpl.invoke(DelegatingMethodAccessorImpl.java:25)
	at java.lang.reflect.Method.invoke(Method.java:597)
	at org.testng.internal.MethodInvocationHelper.invokeMethod(MethodInvocationHelper.java:80)
	at org.testng.internal.Invoker.invokeConfigurationMethod(Invoker.java:564)
	at org.testng.internal.Invoker.invokeConfigurations(Invoker.java:213)
	at org.testng.internal.Invoker.invokeMethod(Invoker.java:786)
	at org.testng.internal.Invoker.invokeTestMethod(Invoker.java:901)
	at org.testng.internal.Invoker.invokeTestMethods(Invoker.java:1231)
	at org.testng.internal.TestMethodWorker.invokeTestMethods(TestMethodWorker.java:127)
	at org.testng.internal.TestMethodWorker.run(TestMethodWorker.java:111)
	at java.util.concurrent.ThreadPoolExecutor$Worker.runTask(ThreadPoolExecutor.java:895)
	at java.util.concurrent.ThreadPoolExecutor$Worker.run(ThreadPoolExecutor.java:918)
	at java.lang.Thread.run(Thread.java:662)
]]>
            </full-stacktrace>
          </exception> <!-- java.lang.NullPointerException -->
          <reporter-output>
          </reporter-output>
        </test-method> <!-- destory -->
      </class> <!-- org.sky.auto.test.NewTest -->
      <class name="org.sky.auto.test.DataTest">
        <test-method status="FAIL" signature="maxTest()[pri:0, instance:org.sky.auto.test.DataTest@1e2acc65]" name="maxTest" duration-ms="151" started-at="2013-02-28T17:23:56Z" finished-at="2013-02-28T17:23:56Z">
          <exception class="org.openqa.selenium.WebDriverException">
            <message>
              <![CDATA[Cannot find firefox binary in PATH. Make sure firefox is installed. OS appears to be: WIN8
Build info: version: '2.30.0', revision: 'dc1ef9ceb805a672f56dc49198f9ffbd4ca345c7', time: '2013-02-19 09:14:38'
System info: os.name: 'Windows 8', os.arch: 'amd64', os.version: '6.2', java.version: '1.6.0_41'
Driver info: driver.version: AutoDriver]]>
            </message>
            <full-stacktrace>
              <![CDATA[org.openqa.selenium.WebDriverException: Cannot find firefox binary in PATH. Make sure firefox is installed. OS appears to be: WIN8
Build info: version: '2.30.0', revision: 'dc1ef9ceb805a672f56dc49198f9ffbd4ca345c7', time: '2013-02-19 09:14:38'
System info: os.name: 'Windows 8', os.arch: 'amd64', os.version: '6.2', java.version: '1.6.0_41'
Driver info: driver.version: AutoDriver
	at org.openqa.selenium.firefox.internal.Executable.<init>(Executable.java:69)
	at org.openqa.selenium.firefox.FirefoxBinary.<init>(FirefoxBinary.java:59)
	at org.openqa.selenium.firefox.FirefoxBinary.<init>(FirefoxBinary.java:55)
	at org.openqa.selenium.firefox.FirefoxDriver.<init>(FirefoxDriver.java:92)
	at org.sky.auto.driver.AutoDriver$Firefox$1.initialValue(AutoDriver.java:43)
	at org.sky.auto.driver.AutoDriver$Firefox$1.initialValue(AutoDriver.java:1)
	at java.lang.ThreadLocal.setInitialValue(ThreadLocal.java:141)
	at java.lang.ThreadLocal.get(ThreadLocal.java:131)
	at org.sky.auto.driver.AutoDriver$Firefox.firefox(AutoDriver.java:54)
	at org.sky.auto.driver.AutoDriver.setDriver(AutoDriver.java:268)
	at org.sky.auto.base.AutoBase.open(AutoBase.java:92)
	at org.sky.auto.test.DataTest.maxTest(DataTest.java:20)
	at sun.reflect.NativeMethodAccessorImpl.invoke0(Native Method)
	at sun.reflect.NativeMethodAccessorImpl.invoke(NativeMethodAccessorImpl.java:39)
	at sun.reflect.DelegatingMethodAccessorImpl.invoke(DelegatingMethodAccessorImpl.java:25)
	at java.lang.reflect.Method.invoke(Method.java:597)
	at org.testng.internal.MethodInvocationHelper.invokeMethod(MethodInvocationHelper.java:80)
	at org.testng.internal.Invoker.invokeMethod(Invoker.java:714)
	at org.testng.internal.Invoker.invokeTestMethod(Invoker.java:901)
	at org.testng.internal.Invoker.invokeTestMethods(Invoker.java:1231)
	at org.testng.internal.TestMethodWorker.invokeTestMethods(TestMethodWorker.java:127)
	at org.testng.internal.TestMethodWorker.run(TestMethodWorker.java:111)
	at java.util.concurrent.ThreadPoolExecutor$Worker.runTask(ThreadPoolExecutor.java:895)
	at java.util.concurrent.ThreadPoolExecutor$Worker.run(ThreadPoolExecutor.java:918)
	at java.lang.Thread.run(Thread.java:662)
]]>
            </full-stacktrace>
          </exception> <!-- org.openqa.selenium.WebDriverException -->
          <reporter-output>
          </reporter-output>
        </test-method> <!-- maxTest -->
      </class> <!-- org.sky.auto.test.DataTest -->
      <class name="org.sky.auto.pagetest.Test168page">
        <test-method status="FAIL" signature="test168()[pri:0, instance:org.sky.auto.pagetest.Test168page@151ca803]" name="test168" duration-ms="83" started-at="2013-02-28T17:23:56Z" finished-at="2013-02-28T17:23:56Z">
          <exception class="org.openqa.selenium.WebDriverException">
            <message>
              <![CDATA[Cannot find firefox binary in PATH. Make sure firefox is installed. OS appears to be: WIN8
Build info: version: '2.30.0', revision: 'dc1ef9ceb805a672f56dc49198f9ffbd4ca345c7', time: '2013-02-19 09:14:38'
System info: os.name: 'Windows 8', os.arch: 'amd64', os.version: '6.2', java.version: '1.6.0_41'
Driver info: driver.version: AutoDriver]]>
            </message>
            <full-stacktrace>
              <![CDATA[org.openqa.selenium.WebDriverException: Cannot find firefox binary in PATH. Make sure firefox is installed. OS appears to be: WIN8
Build info: version: '2.30.0', revision: 'dc1ef9ceb805a672f56dc49198f9ffbd4ca345c7', time: '2013-02-19 09:14:38'
System info: os.name: 'Windows 8', os.arch: 'amd64', os.version: '6.2', java.version: '1.6.0_41'
Driver info: driver.version: AutoDriver
	at org.openqa.selenium.firefox.internal.Executable.<init>(Executable.java:69)
	at org.openqa.selenium.firefox.FirefoxBinary.<init>(FirefoxBinary.java:59)
	at org.openqa.selenium.firefox.FirefoxBinary.<init>(FirefoxBinary.java:55)
	at org.openqa.selenium.firefox.FirefoxDriver.<init>(FirefoxDriver.java:92)
	at org.sky.auto.driver.AutoDriver$Firefox$1.initialValue(AutoDriver.java:43)
	at org.sky.auto.driver.AutoDriver$Firefox$1.initialValue(AutoDriver.java:1)
	at java.lang.ThreadLocal.setInitialValue(ThreadLocal.java:141)
	at java.lang.ThreadLocal.get(ThreadLocal.java:131)
	at org.sky.auto.driver.AutoDriver$Firefox.firefox(AutoDriver.java:54)
	at org.sky.auto.driver.AutoDriver.setDriver(AutoDriver.java:268)
	at org.sky.auto.base.AutoBase.open(AutoBase.java:92)
	at org.sky.auto.pagetest.Test168page.test168(Test168page.java:17)
	at sun.reflect.NativeMethodAccessorImpl.invoke0(Native Method)
	at sun.reflect.NativeMethodAccessorImpl.invoke(NativeMethodAccessorImpl.java:39)
	at sun.reflect.DelegatingMethodAccessorImpl.invoke(DelegatingMethodAccessorImpl.java:25)
	at java.lang.reflect.Method.invoke(Method.java:597)
	at org.testng.internal.MethodInvocationHelper.invokeMethod(MethodInvocationHelper.java:80)
	at org.testng.internal.Invoker.invokeMethod(Invoker.java:714)
	at org.testng.internal.Invoker.invokeTestMethod(Invoker.java:901)
	at org.testng.internal.Invoker.invokeTestMethods(Invoker.java:1231)
	at org.testng.internal.TestMethodWorker.invokeTestMethods(TestMethodWorker.java:127)
	at org.testng.internal.TestMethodWorker.run(TestMethodWorker.java:111)
	at java.util.concurrent.ThreadPoolExecutor$Worker.runTask(ThreadPoolExecutor.java:895)
	at java.util.concurrent.ThreadPoolExecutor$Worker.run(ThreadPoolExecutor.java:918)
	at java.lang.Thread.run(Thread.java:662)
]]>
            </full-stacktrace>
          </exception> <!-- org.openqa.selenium.WebDriverException -->
          <reporter-output>
          </reporter-output>
        </test-method> <!-- test168 -->
      </class> <!-- org.sky.auto.pagetest.Test168page -->
      <class name="org.sky.auto.test.JUnitRemoteBaseTest">
        <test-method status="PASS" signature="setUp()[pri:0, instance:org.sky.auto.test.JUnitRemoteBaseTest@50618d26]" name="setUp" is-config="true" duration-ms="8" started-at="2013-02-28T17:23:56Z" finished-at="2013-02-28T17:23:56Z">
          <reporter-output>
          </reporter-output>
        </test-method> <!-- setUp -->
        <test-method status="PASS" signature="setUp()[pri:0, instance:org.sky.auto.test.JUnitRemoteBaseTest@50618d26]" name="setUp" is-config="true" duration-ms="7" started-at="2013-02-28T17:23:56Z" finished-at="2013-02-28T17:23:56Z">
          <reporter-output>
          </reporter-output>
        </test-method> <!-- setUp -->
        <test-method status="FAIL" signature="setUp(java.lang.String)[pri:0, instance:org.sky.auto.test.JUnitRemoteBaseTest@50618d26]" name="setUp" is-config="true" duration-ms="0" started-at="2013-02-28T17:23:56Z" finished-at="2013-02-28T17:23:56Z">
          <exception class="org.testng.TestNGException">
            <message>
              <![CDATA[
Parameter 'browser' is required by @Configuration on method setUp but has not been marked @Optional or defined
]]>
            </message>
            <full-stacktrace>
              <![CDATA[org.testng.TestNGException: 
Parameter 'browser' is required by @Configuration on method setUp but has not been marked @Optional or defined

	at org.testng.internal.Parameters.createParameters(Parameters.java:155)
	at org.testng.internal.Parameters.createParameters(Parameters.java:355)
	at org.testng.internal.Parameters.createConfigurationParameters(Parameters.java:86)
	at org.testng.internal.Invoker.invokeConfigurations(Invoker.java:199)
	at org.testng.internal.Invoker.invokeMethod(Invoker.java:653)
	at org.testng.internal.Invoker.invokeTestMethod(Invoker.java:901)
	at org.testng.internal.Invoker.invokeTestMethods(Invoker.java:1231)
	at org.testng.internal.TestMethodWorker.invokeTestMethods(TestMethodWorker.java:127)
	at org.testng.internal.TestMethodWorker.run(TestMethodWorker.java:111)
	at java.util.concurrent.ThreadPoolExecutor$Worker.runTask(ThreadPoolExecutor.java:895)
	at java.util.concurrent.ThreadPoolExecutor$Worker.run(ThreadPoolExecutor.java:918)
	at java.lang.Thread.run(Thread.java:662)
]]>
            </full-stacktrace>
          </exception> <!-- org.testng.TestNGException -->
          <reporter-output>
          </reporter-output>
        </test-method> <!-- setUp -->
        <test-method status="FAIL" signature="setUp(java.lang.String)[pri:0, instance:org.sky.auto.test.JUnitRemoteBaseTest@50618d26]" name="setUp" is-config="true" duration-ms="0" started-at="2013-02-28T17:23:56Z" finished-at="2013-02-28T17:23:56Z">
          <exception class="org.testng.TestNGException">
            <message>
              <![CDATA[
Parameter 'browser' is required by @Configuration on method setUp but has not been marked @Optional or defined
]]>
            </message>
            <full-stacktrace>
              <![CDATA[org.testng.TestNGException: 
Parameter 'browser' is required by @Configuration on method setUp but has not been marked @Optional or defined

	at org.testng.internal.Parameters.createParameters(Parameters.java:155)
	at org.testng.internal.Parameters.createParameters(Parameters.java:355)
	at org.testng.internal.Parameters.createConfigurationParameters(Parameters.java:86)
	at org.testng.internal.Invoker.invokeConfigurations(Invoker.java:199)
	at org.testng.internal.Invoker.invokeMethod(Invoker.java:653)
	at org.testng.internal.Invoker.invokeTestMethod(Invoker.java:901)
	at org.testng.internal.Invoker.invokeTestMethods(Invoker.java:1231)
	at org.testng.internal.TestMethodWorker.invokeTestMethods(TestMethodWorker.java:127)
	at org.testng.internal.TestMethodWorker.run(TestMethodWorker.java:111)
	at java.util.concurrent.ThreadPoolExecutor$Worker.runTask(ThreadPoolExecutor.java:895)
	at java.util.concurrent.ThreadPoolExecutor$Worker.run(ThreadPoolExecutor.java:918)
	at java.lang.Thread.run(Thread.java:662)
]]>
            </full-stacktrace>
          </exception> <!-- org.testng.TestNGException -->
          <reporter-output>
          </reporter-output>
        </test-method> <!-- setUp -->
        <test-method status="SKIP" signature="methodThree()[pri:0, instance:org.sky.auto.test.JUnitRemoteBaseTest@50618d26]" name="methodThree" duration-ms="1" started-at="2013-02-28T17:23:56Z" finished-at="2013-02-28T17:23:56Z">
          <reporter-output>
          </reporter-output>
        </test-method> <!-- methodThree -->
        <test-method status="SKIP" signature="methodOne()[pri:0, instance:org.sky.auto.test.JUnitRemoteBaseTest@50618d26]" name="methodOne" duration-ms="1" started-at="2013-02-28T17:23:56Z" finished-at="2013-02-28T17:23:56Z">
          <reporter-output>
          </reporter-output>
        </test-method> <!-- methodOne -->
        <test-method status="SKIP" signature="destory()[pri:0, instance:org.sky.auto.test.JUnitRemoteBaseTest@50618d26]" name="destory" is-config="true" duration-ms="0" started-at="2013-02-28T17:23:56Z" finished-at="2013-02-28T17:23:56Z">
          <reporter-output>
          </reporter-output>
        </test-method> <!-- destory -->
        <test-method status="SKIP" signature="destory()[pri:0, instance:org.sky.auto.test.JUnitRemoteBaseTest@50618d26]" name="destory" is-config="true" duration-ms="0" started-at="2013-02-28T17:23:56Z" finished-at="2013-02-28T17:23:56Z">
          <reporter-output>
          </reporter-output>
        </test-method> <!-- destory -->
        <test-method status="FAIL" signature="methodTwo(java.lang.String)[pri:0, instance:org.sky.auto.test.JUnitRemoteBaseTest@50618d26]" name="methodTwo" duration-ms="0" started-at="2013-02-28T17:23:57Z" data-provider="feeder" finished-at="2013-02-28T17:23:57Z">
          <exception class="java.lang.RuntimeException">
            <message>
              <![CDATA[org.databene.benerator.IllegalGeneratorStateException: Generation failed: ]]>
            </message>
            <full-stacktrace>
              <![CDATA[java.lang.RuntimeException: org.databene.benerator.IllegalGeneratorStateException: Generation failed: 
	at org.testng.internal.MethodInvocationHelper.invokeDataProvider(MethodInvocationHelper.java:143)
	at org.testng.internal.Parameters.handleParameters(Parameters.java:426)
	at org.testng.internal.Invoker.handleParameters(Invoker.java:1383)
	at org.testng.internal.Invoker.createParameters(Invoker.java:1075)
	at org.testng.internal.Invoker.invokeTestMethods(Invoker.java:1180)
	at org.testng.internal.TestMethodWorker.invokeTestMethods(TestMethodWorker.java:127)
	at org.testng.internal.TestMethodWorker.run(TestMethodWorker.java:111)
	at java.util.concurrent.ThreadPoolExecutor$Worker.runTask(ThreadPoolExecutor.java:895)
	at java.util.concurrent.ThreadPoolExecutor$Worker.run(ThreadPoolExecutor.java:918)
	at java.lang.Thread.run(Thread.java:662)
Caused by: org.databene.benerator.IllegalGeneratorStateException: Generation failed: 
	at org.databene.benerator.wrapper.DataSourceGenerator.generate(DataSourceGenerator.java:103)
	at org.databene.benerator.wrapper.GeneratorWrapper.generateFromSource(GeneratorWrapper.java:69)
	at org.databene.benerator.wrapper.ConvertingGenerator.generate(ConvertingGenerator.java:76)
	at org.databene.benerator.wrapper.GeneratorWrapper.generateFromSource(GeneratorWrapper.java:69)
	at org.databene.benerator.wrapper.LastProductDetector.init(LastProductDetector.java:46)
	at org.databene.benerator.anno.AnnotationMapper.createAndInitMethodParamsGenerator(AnnotationMapper.java:176)
	at org.sky.auto.data.testng.excel.TestNGFeed.feeder(TestNGFeed.java:26)
	at sun.reflect.NativeMethodAccessorImpl.invoke0(Native Method)
	at sun.reflect.NativeMethodAccessorImpl.invoke(NativeMethodAccessorImpl.java:39)
	at sun.reflect.DelegatingMethodAccessorImpl.invoke(DelegatingMethodAccessorImpl.java:25)
	at java.lang.reflect.Method.invoke(Method.java:597)
	at org.testng.internal.MethodInvocationHelper.invokeMethod(MethodInvocationHelper.java:80)
	at org.testng.internal.MethodInvocationHelper.invokeDataProvider(MethodInvocationHelper.java:135)
	... 9 more
Caused by: org.databene.commons.ConfigurationError: Resource not found: browser.xls
	at org.databene.commons.IOUtil.getResourceAsStream(IOUtil.java:561)
	at org.databene.commons.IOUtil.getFileOrResourceAsStream(IOUtil.java:548)
	at org.databene.commons.IOUtil.getInputStreamForURI(IOUtil.java:202)
	at org.databene.commons.IOUtil.getInputStreamForURI(IOUtil.java:186)
	at org.databene.document.xls.XLSLineIterator.sheet(XLSLineIterator.java:139)
	at org.databene.document.xls.XLSLineIterator.<init>(XLSLineIterator.java:67)
	at org.databene.document.xls.XLSLineIterator.<init>(XLSLineIterator.java:63)
	at org.databene.document.xls.XLSLineIterator.<init>(XLSLineIterator.java:59)
	at org.databene.document.xls.XLSSource.iterator(XLSSource.java:56)
	at org.databene.webdecs.util.DataSourceProxy.iterator(DataSourceProxy.java:40)
	at org.databene.webdecs.util.OffsetDataSource.iterator(OffsetDataSource.java:46)
	at org.databene.webdecs.util.ConvertingDataSource.iterator(ConvertingDataSource.java:51)
	at org.databene.benerator.wrapper.DataSourceGenerator.generate(DataSourceGenerator.java:95)
	... 21 more
]]>
            </full-stacktrace>
          </exception> <!-- java.lang.RuntimeException -->
          <reporter-output>
          </reporter-output>
        </test-method> <!-- methodTwo -->
      </class> <!-- org.sky.auto.test.JUnitRemoteBaseTest -->
      <class name="org.sky.auto.test.FileFinderTest">
        <test-method status="PASS" signature="testClassPath()[pri:0, instance:org.sky.auto.test.FileFinderTest@353c375]" name="testClassPath" duration-ms="18" started-at="2013-02-28T17:23:56Z" finished-at="2013-02-28T17:23:56Z">
          <reporter-output>
          </reporter-output>
        </test-method> <!-- testClassPath -->
      </class> <!-- org.sky.auto.test.FileFinderTest -->
      <class name="org.sky.auto.normal.test.it168NorTest">
        <test-method status="FAIL" signature="testNor168()[pri:0, instance:org.sky.auto.normal.test.it168NorTest@c5a67c9]" name="testNor168" duration-ms="79" started-at="2013-02-28T17:23:56Z" finished-at="2013-02-28T17:23:56Z">
          <exception class="org.openqa.selenium.WebDriverException">
            <message>
              <![CDATA[Cannot find firefox binary in PATH. Make sure firefox is installed. OS appears to be: WIN8
Build info: version: '2.30.0', revision: 'dc1ef9ceb805a672f56dc49198f9ffbd4ca345c7', time: '2013-02-19 09:14:38'
System info: os.name: 'Windows 8', os.arch: 'amd64', os.version: '6.2', java.version: '1.6.0_41'
Driver info: driver.version: FirefoxDriver]]>
            </message>
            <full-stacktrace>
              <![CDATA[org.openqa.selenium.WebDriverException: Cannot find firefox binary in PATH. Make sure firefox is installed. OS appears to be: WIN8
Build info: version: '2.30.0', revision: 'dc1ef9ceb805a672f56dc49198f9ffbd4ca345c7', time: '2013-02-19 09:14:38'
System info: os.name: 'Windows 8', os.arch: 'amd64', os.version: '6.2', java.version: '1.6.0_41'
Driver info: driver.version: FirefoxDriver
	at org.openqa.selenium.firefox.internal.Executable.<init>(Executable.java:69)
	at org.openqa.selenium.firefox.FirefoxBinary.<init>(FirefoxBinary.java:59)
	at org.openqa.selenium.firefox.FirefoxBinary.<init>(FirefoxBinary.java:55)
	at org.openqa.selenium.firefox.FirefoxDriver.<init>(FirefoxDriver.java:92)
	at org.sky.auto.normal.test.it168NorTest.testNor168(it168NorTest.java:13)
	at sun.reflect.NativeMethodAccessorImpl.invoke0(Native Method)
	at sun.reflect.NativeMethodAccessorImpl.invoke(NativeMethodAccessorImpl.java:39)
	at sun.reflect.DelegatingMethodAccessorImpl.invoke(DelegatingMethodAccessorImpl.java:25)
	at java.lang.reflect.Method.invoke(Method.java:597)
	at org.testng.internal.MethodInvocationHelper.invokeMethod(MethodInvocationHelper.java:80)
	at org.testng.internal.Invoker.invokeMethod(Invoker.java:714)
	at org.testng.internal.Invoker.invokeTestMethod(Invoker.java:901)
	at org.testng.internal.Invoker.invokeTestMethods(Invoker.java:1231)
	at org.testng.internal.TestMethodWorker.invokeTestMethods(TestMethodWorker.java:127)
	at org.testng.internal.TestMethodWorker.run(TestMethodWorker.java:111)
	at java.util.concurrent.ThreadPoolExecutor$Worker.runTask(ThreadPoolExecutor.java:895)
	at java.util.concurrent.ThreadPoolExecutor$Worker.run(ThreadPoolExecutor.java:918)
	at java.lang.Thread.run(Thread.java:662)
]]>
            </full-stacktrace>
          </exception> <!-- org.openqa.selenium.WebDriverException -->
          <reporter-output>
          </reporter-output>
        </test-method> <!-- testNor168 -->
      </class> <!-- org.sky.auto.normal.test.it168NorTest -->
      <class name="org.sky.auto.remote.RemoteTest">
        <test-method status="SKIP" signature="setUp()[pri:0, instance:org.sky.auto.remote.RemoteTest@106caf16]" name="setUp" is-config="true" duration-ms="0" started-at="2013-02-28T17:23:56Z" finished-at="2013-02-28T17:23:56Z">
          <reporter-output>
          </reporter-output>
        </test-method> <!-- setUp -->
        <test-method status="SKIP" signature="setUp()[pri:0, instance:org.sky.auto.remote.RemoteTest@106caf16]" name="setUp" is-config="true" duration-ms="0" started-at="2013-02-28T17:23:56Z" finished-at="2013-02-28T17:23:56Z">
          <reporter-output>
          </reporter-output>
        </test-method> <!-- setUp -->
        <test-method status="SKIP" signature="method2()[pri:0, instance:org.sky.auto.remote.RemoteTest@106caf16]" name="method2" duration-ms="0" started-at="2013-02-28T17:23:56Z" finished-at="2013-02-28T17:23:56Z">
          <reporter-output>
          </reporter-output>
        </test-method> <!-- method2 -->
        <test-method status="SKIP" signature="setUp(java.lang.String)[pri:0, instance:org.sky.auto.remote.RemoteTest@106caf16]" name="setUp" is-config="true" duration-ms="0" started-at="2013-02-28T17:23:56Z" finished-at="2013-02-28T17:23:56Z">
          <reporter-output>
          </reporter-output>
        </test-method> <!-- setUp -->
        <test-method status="SKIP" signature="destory()[pri:0, instance:org.sky.auto.remote.RemoteTest@106caf16]" name="destory" is-config="true" duration-ms="0" started-at="2013-02-28T17:23:56Z" finished-at="2013-02-28T17:23:56Z">
          <reporter-output>
          </reporter-output>
        </test-method> <!-- destory -->
        <test-method status="SKIP" signature="destory()[pri:0, instance:org.sky.auto.remote.RemoteTest@106caf16]" name="destory" is-config="true" duration-ms="0" started-at="2013-02-28T17:23:56Z" finished-at="2013-02-28T17:23:56Z">
          <reporter-output>
          </reporter-output>
        </test-method> <!-- destory -->
        <test-method status="SKIP" signature="setUp(java.lang.String)[pri:0, instance:org.sky.auto.remote.RemoteTest@106caf16]" name="setUp" is-config="true" duration-ms="0" started-at="2013-02-28T17:23:56Z" finished-at="2013-02-28T17:23:56Z">
          <reporter-output>
          </reporter-output>
        </test-method> <!-- setUp -->
        <test-method status="SKIP" signature="method1()[pri:0, instance:org.sky.auto.remote.RemoteTest@106caf16]" name="method1" duration-ms="0" started-at="2013-02-28T17:23:56Z" finished-at="2013-02-28T17:23:56Z">
          <reporter-output>
          </reporter-output>
        </test-method> <!-- method1 -->
        <test-method status="SKIP" signature="setUp()[pri:0, instance:org.sky.auto.remote.RemoteTest@106caf16]" name="setUp" is-config="true" duration-ms="0" started-at="2013-02-28T17:23:56Z" finished-at="2013-02-28T17:23:56Z">
          <reporter-output>
          </reporter-output>
        </test-method> <!-- setUp -->
        <test-method status="SKIP" signature="destory()[pri:0, instance:org.sky.auto.remote.RemoteTest@106caf16]" name="destory" is-config="true" duration-ms="0" started-at="2013-02-28T17:23:56Z" finished-at="2013-02-28T17:23:56Z">
          <reporter-output>
          </reporter-output>
        </test-method> <!-- destory -->
        <test-method status="SKIP" signature="setUp(java.lang.String)[pri:0, instance:org.sky.auto.remote.RemoteTest@106caf16]" name="setUp" is-config="true" duration-ms="0" started-at="2013-02-28T17:23:56Z" finished-at="2013-02-28T17:23:56Z">
          <reporter-output>
          </reporter-output>
        </test-method> <!-- setUp -->
        <test-method status="SKIP" signature="method3()[pri:0, instance:org.sky.auto.remote.RemoteTest@106caf16]" name="method3" duration-ms="0" started-at="2013-02-28T17:23:56Z" finished-at="2013-02-28T17:23:56Z">
          <reporter-output>
          </reporter-output>
        </test-method> <!-- method3 -->
      </class> <!-- org.sky.auto.remote.RemoteTest -->
    </test> <!-- Command line test -->
  </suite> <!-- Command line suite -->
</testng-results>
