<?xml version="1.0" encoding="UTF-8" ?>
<testsuite failures="7" time="1.435" errors="0" skipped="17" tests="25" name="TestSuite">
  <properties>
    <property name="java.runtime.name" value="Java(TM) SE Runtime Environment"/>
    <property name="sun.boot.library.path" value="C:\Program Files\Java\jdk1.6.0_41\jre\bin"/>
    <property name="java.vm.version" value="20.14-b01"/>
    <property name="java.vm.vendor" value="Sun Microsystems Inc."/>
    <property name="java.vendor.url" value="http://java.sun.com/"/>
    <property name="path.separator" value=";"/>
    <property name="guice.disable.misplaced.annotation.check" value="true"/>
    <property name="java.vm.name" value="Java HotSpot(TM) 64-Bit Server VM"/>
    <property name="file.encoding.pkg" value="sun.io"/>
    <property name="user.country" value="CN"/>
    <property name="sun.java.launcher" value="SUN_STANDARD"/>
    <property name="sun.os.patch.level" value=""/>
    <property name="java.vm.specification.name" value="Java Virtual Machine Specification"/>
    <property name="user.dir" value="G:\workspace\S-TeaAutoRunner"/>
    <property name="java.runtime.version" value="1.6.0_41-b02"/>
    <property name="java.awt.graphicsenv" value="sun.awt.Win32GraphicsEnvironment"/>
    <property name="java.endorsed.dirs" value="C:\Program Files\Java\jdk1.6.0_41\jre\lib\endorsed"/>
    <property name="os.arch" value="amd64"/>
    <property name="java.io.tmpdir" value="C:\Users\CELESK~1\AppData\Local\Temp\"/>
    <property name="line.separator" value="
"/>
    <property name="java.vm.specification.vendor" value="Sun Microsystems Inc."/>
    <property name="user.variant" value=""/>
    <property name="os.name" value="Windows 8"/>
    <property name="classworlds.conf" value="G:\workspace\.metadata\.plugins\org.eclipse.m2e.core\launches\m2conf7548864672905677469.tmp"/>
    <property name="sun.jnu.encoding" value="GBK"/>
    <property name="java.library.path" value="C:\Program Files\Java\jdk1.6.0_41\jre\bin;C:\windows\Sun\Java\bin;C:\windows\system32;C:\windows;C:\Program Files (x86)\NVIDIA Corporation\PhysX\Common;C:\Program Files (x86)\Intel\iCLS Client\;C:\Program Files\Intel\iCLS Client\;C:\windows\system32;C:\windows;C:\windows\System32\Wbem;C:\windows\System32\WindowsPowerShell\v1.0\;C:\Program Files\Intel\Intel(R) Management Engine Components\DAL;C:\Program Files\Intel\Intel(R) Management Engine Components\IPT;C:\Program Files (x86)\Intel\Intel(R) Management Engine Components\DAL;C:\Program Files (x86)\Intel\Intel(R) Management Engine Components\IPT;C:\Program Files\Java\jdk1.7.0_15\bin;C:\Program Files\Java\jdk1.7.0_15\jre\bin;C:\Program Files\Microsoft\Web Platform Installer\;C:\Program Files (x86)\Microsoft ASP.NET\ASP.NET Web Pages\v1.0\;C:\Program Files (x86)\Windows Kits\8.0\Windows Performance Toolkit\;C:\Program Files\Microsoft SQL Server\110\Tools\Binn\；C:\Python27;C:\Python27;G:\DevelopTools\maven\apache-maven-3.0.5\bin;."/>
    <property name="java.specification.name" value="Java Platform API Specification"/>
    <property name="java.class.version" value="50.0"/>
    <property name="sun.management.compiler" value="HotSpot 64-Bit Tiered Compilers"/>
    <property name="os.version" value="6.2"/>
    <property name="user.home" value="C:\Users\celeskyking"/>
    <property name="user.timezone" value="Asia/Shanghai"/>
    <property name="java.awt.printerjob" value="sun.awt.windows.WPrinterJob"/>
    <property name="file.encoding" value="UTF-8"/>
    <property name="java.specification.version" value="1.6"/>
    <property name="user.name" value="celeskyking"/>
    <property name="java.class.path" value="/G:/DevelopTools/eclipse/configuration/org.eclipse.osgi/bundles/944/1/.cp/jars/plexus-classworlds-2.4.jar"/>
    <property name="java.vm.specification.version" value="1.0"/>
    <property name="sun.arch.data.model" value="64"/>
    <property name="java.home" value="C:\Program Files\Java\jdk1.6.0_41\jre"/>
    <property name="sun.java.command" value="org.codehaus.plexus.classworlds.launcher.Launcher -B -s G:\DevelopTools\maven\apache-maven-3.0.5\conf\settings.xml install"/>
    <property name="java.specification.vendor" value="Sun Microsystems Inc."/>
    <property name="user.language" value="zh"/>
    <property name="awt.toolkit" value="sun.awt.windows.WToolkit"/>
    <property name="java.vm.info" value="mixed mode"/>
    <property name="java.version" value="1.6.0_41"/>
    <property name="java.ext.dirs" value="C:\Program Files\Java\jdk1.6.0_41\jre\lib\ext;C:\windows\Sun\Java\lib\ext"/>
    <property name="sun.boot.class.path" value="C:\Program Files\Java\jdk1.6.0_41\jre\lib\resources.jar;C:\Program Files\Java\jdk1.6.0_41\jre\lib\rt.jar;C:\Program Files\Java\jdk1.6.0_41\jre\lib\sunrsasign.jar;C:\Program Files\Java\jdk1.6.0_41\jre\lib\jsse.jar;C:\Program Files\Java\jdk1.6.0_41\jre\lib\jce.jar;C:\Program Files\Java\jdk1.6.0_41\jre\lib\charsets.jar;C:\Program Files\Java\jdk1.6.0_41\jre\lib\modules\jdk.boot.jar;C:\Program Files\Java\jdk1.6.0_41\jre\classes"/>
    <property name="java.vendor" value="Sun Microsystems Inc."/>
    <property name="maven.home" value="G:\workspace\S-TeaAutoRunner\EMBEDDED"/>
    <property name="file.separator" value="\"/>
    <property name="java.vendor.url.bug" value="http://java.sun.com/cgi-bin/bugreport.cgi"/>
    <property name="sun.cpu.endian" value="little"/>
    <property name="sun.io.unicode.encoding" value="UnicodeLittle"/>
    <property name="sun.desktop" value="windows"/>
    <property name="sun.cpu.isalist" value="amd64"/>
  </properties>
  <testcase time="0.016" classname="org.sky.auto.test.FileFinderTest" name="testClassPath"/>
  <testcase time="0.015" classname="org.sky.auto.test.JUnitRemoteBaseTest" name="setUp">
    <failure message="
Parameter &apos;browser&apos; is required by @Configuration on method setUp but has not been marked @Optional or defined
" type="org.testng.TestNGException">org.testng.TestNGException: 
Parameter &apos;browser&apos; is required by @Configuration on method setUp but has not been marked @Optional or defined

	at org.testng.internal.Parameters.createParameters(Parameters.java:155)
	at org.testng.internal.Parameters.createParameters(Parameters.java:355)
	at org.testng.internal.Parameters.createConfigurationParameters(Parameters.java:86)
	at org.testng.internal.Invoker.invokeConfigurations(Invoker.java:199)
	at org.testng.internal.Invoker.invokeMethod(Invoker.java:653)
	at org.testng.internal.Invoker.invokeTestMethod(Invoker.java:901)
	at org.testng.internal.Invoker.invokeTestMethods(Invoker.java:1231)
	at org.testng.internal.TestMethodWorker.invokeTestMethods(TestMethodWorker.java:127)
	at org.testng.internal.TestMethodWorker.run(TestMethodWorker.java:111)
	at java.util.concurrent.ThreadPoolExecutor$Worker.runTask(ThreadPoolExecutor.java:895)
	at java.util.concurrent.ThreadPoolExecutor$Worker.run(ThreadPoolExecutor.java:918)
	at java.lang.Thread.run(Thread.java:662)
</failure>
    <system-out>2013-02-28 17:23:56 INFO  [pool-1-thread-2] org.sky.auto.base.TestNGBase �Զ������Գ�ʼ���ɹ�����־Ĭ�����óɹ���
</system-out>
  </testcase>
  <testcase time="0.015" classname="org.sky.auto.test.JUnitRemoteBaseTest" name="setUp">
    <failure message="
Parameter &apos;browser&apos; is required by @Configuration on method setUp but has not been marked @Optional or defined
" type="org.testng.TestNGException">org.testng.TestNGException: 
Parameter &apos;browser&apos; is required by @Configuration on method setUp but has not been marked @Optional or defined

	at org.testng.internal.Parameters.createParameters(Parameters.java:155)
	at org.testng.internal.Parameters.createParameters(Parameters.java:355)
	at org.testng.internal.Parameters.createConfigurationParameters(Parameters.java:86)
	at org.testng.internal.Invoker.invokeConfigurations(Invoker.java:199)
	at org.testng.internal.Invoker.invokeMethod(Invoker.java:653)
	at org.testng.internal.Invoker.invokeTestMethod(Invoker.java:901)
	at org.testng.internal.Invoker.invokeTestMethods(Invoker.java:1231)
	at org.testng.internal.TestMethodWorker.invokeTestMethods(TestMethodWorker.java:127)
	at org.testng.internal.TestMethodWorker.run(TestMethodWorker.java:111)
	at java.util.concurrent.ThreadPoolExecutor$Worker.runTask(ThreadPoolExecutor.java:895)
	at java.util.concurrent.ThreadPoolExecutor$Worker.run(ThreadPoolExecutor.java:918)
	at java.lang.Thread.run(Thread.java:662)
</failure>
  </testcase>
  <testcase time="0" classname="org.sky.auto.test.JUnitRemoteBaseTest" name="methodOne">
    <skipped/>
  </testcase>
  <testcase time="0.001" classname="org.sky.auto.test.JUnitRemoteBaseTest" name="methodThree">
    <skipped/>
  </testcase>
  <testcase time="0.001" classname="org.sky.auto.test.JUnitRemoteBaseTest" name="destory">
    <skipped/>
  </testcase>
  <testcase time="0.001" classname="org.sky.auto.test.JUnitRemoteBaseTest" name="destory">
    <skipped/>
  </testcase>
  <testcase time="0.001" classname="org.sky.auto.remote.RemoteTest" name="setUp">
    <skipped/>
  </testcase>
  <testcase time="0.001" classname="org.sky.auto.remote.RemoteTest" name="setUp">
    <skipped/>
  </testcase>
  <testcase time="0.001" classname="org.sky.auto.remote.RemoteTest" name="setUp">
    <skipped/>
  </testcase>
  <testcase time="0.002" classname="org.sky.auto.remote.RemoteTest" name="setUp">
    <skipped/>
  </testcase>
  <testcase time="0" classname="org.sky.auto.remote.RemoteTest" name="method2">
    <skipped/>
  </testcase>
  <testcase time="0" classname="org.sky.auto.remote.RemoteTest" name="method1">
    <skipped/>
  </testcase>
  <testcase time="0" classname="org.sky.auto.remote.RemoteTest" name="destory">
    <skipped/>
  </testcase>
  <testcase time="0" classname="org.sky.auto.remote.RemoteTest" name="destory">
    <skipped/>
  </testcase>
  <testcase time="0" classname="org.sky.auto.remote.RemoteTest" name="setUp">
    <skipped/>
  </testcase>
  <testcase time="0" classname="org.sky.auto.remote.RemoteTest" name="setUp">
    <skipped/>
  </testcase>
  <testcase time="0" classname="org.sky.auto.remote.RemoteTest" name="method3">
    <skipped/>
  </testcase>
  <testcase time="0" classname="org.sky.auto.remote.RemoteTest" name="destory">
    <skipped/>
  </testcase>
  <testcase time="0.088" classname="org.sky.auto.pagetest.Test168page" name="test168">
    <failure message="Cannot find firefox binary in PATH. Make sure firefox is installed. OS appears to be: WIN8
Build info: version: &apos;2.30.0&apos;, revision: &apos;dc1ef9ceb805a672f56dc49198f9ffbd4ca345c7&apos;, time: &apos;2013-02-19 09:14:38&apos;
System info: os.name: &apos;Windows 8&apos;, os.arch: &apos;amd64&apos;, os.version: &apos;6.2&apos;, java.version: &apos;1.6.0_41&apos;
Driver info: driver.version: AutoDriver" type="org.openqa.selenium.WebDriverException">org.openqa.selenium.WebDriverException: Cannot find firefox binary in PATH. Make sure firefox is installed. OS appears to be: WIN8
Build info: version: &apos;2.30.0&apos;, revision: &apos;dc1ef9ceb805a672f56dc49198f9ffbd4ca345c7&apos;, time: &apos;2013-02-19 09:14:38&apos;
System info: os.name: &apos;Windows 8&apos;, os.arch: &apos;amd64&apos;, os.version: &apos;6.2&apos;, java.version: &apos;1.6.0_41&apos;
Driver info: driver.version: AutoDriver
	at org.openqa.selenium.firefox.internal.Executable.&lt;init&gt;(Executable.java:69)
	at org.openqa.selenium.firefox.FirefoxBinary.&lt;init&gt;(FirefoxBinary.java:59)
	at org.openqa.selenium.firefox.FirefoxBinary.&lt;init&gt;(FirefoxBinary.java:55)
	at org.openqa.selenium.firefox.FirefoxDriver.&lt;init&gt;(FirefoxDriver.java:92)
	at org.sky.auto.driver.AutoDriver$Firefox$1.initialValue(AutoDriver.java:43)
	at org.sky.auto.driver.AutoDriver$Firefox$1.initialValue(AutoDriver.java:1)
	at java.lang.ThreadLocal.setInitialValue(ThreadLocal.java:141)
	at java.lang.ThreadLocal.get(ThreadLocal.java:131)
	at org.sky.auto.driver.AutoDriver$Firefox.firefox(AutoDriver.java:54)
	at org.sky.auto.driver.AutoDriver.setDriver(AutoDriver.java:268)
	at org.sky.auto.base.AutoBase.open(AutoBase.java:92)
	at org.sky.auto.pagetest.Test168page.test168(Test168page.java:17)
</failure>
  </testcase>
  <testcase time="0.089" classname="org.sky.auto.test.NewTest" name="testBaidu">
    <failure message="Cannot find firefox binary in PATH. Make sure firefox is installed. OS appears to be: WIN8
Build info: version: &apos;2.30.0&apos;, revision: &apos;dc1ef9ceb805a672f56dc49198f9ffbd4ca345c7&apos;, time: &apos;2013-02-19 09:14:38&apos;
System info: os.name: &apos;Windows 8&apos;, os.arch: &apos;amd64&apos;, os.version: &apos;6.2&apos;, java.version: &apos;1.6.0_41&apos;
Driver info: driver.version: AutoDriver" type="org.openqa.selenium.WebDriverException">org.openqa.selenium.WebDriverException: Cannot find firefox binary in PATH. Make sure firefox is installed. OS appears to be: WIN8
Build info: version: &apos;2.30.0&apos;, revision: &apos;dc1ef9ceb805a672f56dc49198f9ffbd4ca345c7&apos;, time: &apos;2013-02-19 09:14:38&apos;
System info: os.name: &apos;Windows 8&apos;, os.arch: &apos;amd64&apos;, os.version: &apos;6.2&apos;, java.version: &apos;1.6.0_41&apos;
Driver info: driver.version: AutoDriver
	at org.openqa.selenium.firefox.internal.Executable.&lt;init&gt;(Executable.java:69)
	at org.openqa.selenium.firefox.FirefoxBinary.&lt;init&gt;(FirefoxBinary.java:59)
	at org.openqa.selenium.firefox.FirefoxBinary.&lt;init&gt;(FirefoxBinary.java:55)
	at org.openqa.selenium.firefox.FirefoxDriver.&lt;init&gt;(FirefoxDriver.java:92)
	at org.sky.auto.driver.AutoDriver$Firefox$1.initialValue(AutoDriver.java:43)
	at org.sky.auto.driver.AutoDriver$Firefox$1.initialValue(AutoDriver.java:1)
	at java.lang.ThreadLocal.setInitialValue(ThreadLocal.java:141)
	at java.lang.ThreadLocal.get(ThreadLocal.java:131)
	at org.sky.auto.driver.AutoDriver$Firefox.firefox(AutoDriver.java:54)
	at org.sky.auto.driver.AutoDriver.setDriver(AutoDriver.java:268)
	at org.sky.auto.base.AutoBase.open(AutoBase.java:92)
	at org.sky.auto.window.Window.open(Window.java:240)
	at org.sky.auto.test.NewTest.testBaidu(NewTest.java:30)
</failure>
  </testcase>
  <testcase time="0.089" classname="org.sky.auto.test.NewTest" name="destory">
    <failure type="java.lang.NullPointerException:">java.lang.NullPointerException: null
	at org.sky.auto.window.Window.closeAllWindows(Window.java:121)
	at org.sky.auto.base.TestNGBase.destory(TestNGBase.java:22)
	at sun.reflect.NativeMethodAccessorImpl.invoke0(Native Method)
	at sun.reflect.NativeMethodAccessorImpl.invoke(NativeMethodAccessorImpl.java:39)
	at sun.reflect.DelegatingMethodAccessorImpl.invoke(DelegatingMethodAccessorImpl.java:25)
	at java.lang.reflect.Method.invoke(Method.java:597)
	at org.testng.internal.MethodInvocationHelper.invokeMethod(MethodInvocationHelper.java:80)
	at org.testng.internal.Invoker.invokeConfigurationMethod(Invoker.java:564)
	at org.testng.internal.Invoker.invokeConfigurations(Invoker.java:213)
	at org.testng.internal.Invoker.invokeMethod(Invoker.java:786)
	at org.testng.internal.Invoker.invokeTestMethod(Invoker.java:901)
	at org.testng.internal.Invoker.invokeTestMethods(Invoker.java:1231)
	at org.testng.internal.TestMethodWorker.invokeTestMethods(TestMethodWorker.java:127)
	at org.testng.internal.TestMethodWorker.run(TestMethodWorker.java:111)
	at java.util.concurrent.ThreadPoolExecutor$Worker.runTask(ThreadPoolExecutor.java:895)
	at java.util.concurrent.ThreadPoolExecutor$Worker.run(ThreadPoolExecutor.java:918)
	at java.lang.Thread.run(Thread.java:662)
</failure>
  </testcase>
  <testcase time="0.09" classname="org.sky.auto.test.DataTest" name="maxTest">
    <failure message="Cannot find firefox binary in PATH. Make sure firefox is installed. OS appears to be: WIN8
Build info: version: &apos;2.30.0&apos;, revision: &apos;dc1ef9ceb805a672f56dc49198f9ffbd4ca345c7&apos;, time: &apos;2013-02-19 09:14:38&apos;
System info: os.name: &apos;Windows 8&apos;, os.arch: &apos;amd64&apos;, os.version: &apos;6.2&apos;, java.version: &apos;1.6.0_41&apos;
Driver info: driver.version: AutoDriver" type="org.openqa.selenium.WebDriverException">org.openqa.selenium.WebDriverException: Cannot find firefox binary in PATH. Make sure firefox is installed. OS appears to be: WIN8
Build info: version: &apos;2.30.0&apos;, revision: &apos;dc1ef9ceb805a672f56dc49198f9ffbd4ca345c7&apos;, time: &apos;2013-02-19 09:14:38&apos;
System info: os.name: &apos;Windows 8&apos;, os.arch: &apos;amd64&apos;, os.version: &apos;6.2&apos;, java.version: &apos;1.6.0_41&apos;
Driver info: driver.version: AutoDriver
	at org.openqa.selenium.firefox.internal.Executable.&lt;init&gt;(Executable.java:69)
	at org.openqa.selenium.firefox.FirefoxBinary.&lt;init&gt;(FirefoxBinary.java:59)
	at org.openqa.selenium.firefox.FirefoxBinary.&lt;init&gt;(FirefoxBinary.java:55)
	at org.openqa.selenium.firefox.FirefoxDriver.&lt;init&gt;(FirefoxDriver.java:92)
	at org.sky.auto.driver.AutoDriver$Firefox$1.initialValue(AutoDriver.java:43)
	at org.sky.auto.driver.AutoDriver$Firefox$1.initialValue(AutoDriver.java:1)
	at java.lang.ThreadLocal.setInitialValue(ThreadLocal.java:141)
	at java.lang.ThreadLocal.get(ThreadLocal.java:131)
	at org.sky.auto.driver.AutoDriver$Firefox.firefox(AutoDriver.java:54)
	at org.sky.auto.driver.AutoDriver.setDriver(AutoDriver.java:268)
	at org.sky.auto.base.AutoBase.open(AutoBase.java:92)
	at org.sky.auto.test.DataTest.maxTest(DataTest.java:20)
</failure>
  </testcase>
  <testcase time="0.09" classname="org.sky.auto.normal.test.it168NorTest" name="testNor168">
    <failure message="Cannot find firefox binary in PATH. Make sure firefox is installed. OS appears to be: WIN8
Build info: version: &apos;2.30.0&apos;, revision: &apos;dc1ef9ceb805a672f56dc49198f9ffbd4ca345c7&apos;, time: &apos;2013-02-19 09:14:38&apos;
System info: os.name: &apos;Windows 8&apos;, os.arch: &apos;amd64&apos;, os.version: &apos;6.2&apos;, java.version: &apos;1.6.0_41&apos;
Driver info: driver.version: FirefoxDriver" type="org.openqa.selenium.WebDriverException">org.openqa.selenium.WebDriverException: Cannot find firefox binary in PATH. Make sure firefox is installed. OS appears to be: WIN8
Build info: version: &apos;2.30.0&apos;, revision: &apos;dc1ef9ceb805a672f56dc49198f9ffbd4ca345c7&apos;, time: &apos;2013-02-19 09:14:38&apos;
System info: os.name: &apos;Windows 8&apos;, os.arch: &apos;amd64&apos;, os.version: &apos;6.2&apos;, java.version: &apos;1.6.0_41&apos;
Driver info: driver.version: FirefoxDriver
	at org.openqa.selenium.firefox.internal.Executable.&lt;init&gt;(Executable.java:69)
	at org.openqa.selenium.firefox.FirefoxBinary.&lt;init&gt;(FirefoxBinary.java:59)
	at org.openqa.selenium.firefox.FirefoxBinary.&lt;init&gt;(FirefoxBinary.java:55)
	at org.openqa.selenium.firefox.FirefoxDriver.&lt;init&gt;(FirefoxDriver.java:92)
	at org.sky.auto.normal.test.it168NorTest.testNor168(it168NorTest.java:13)
</failure>
  </testcase>
  <testcase time="0.935" classname="org.sky.auto.test.JUnitRemoteBaseTest" name="methodTwo">
    <skipped/>
  </testcase>
</testsuite>