-------------------------------------------------------------------------------
Test set: TestSuite
-------------------------------------------------------------------------------
Tests run: 25, Failures: 7, Errors: 0, Skipped: 17, Time elapsed: 1.967 sec <<< FAILURE!
setUp(org.sky.auto.test.JUnitRemoteBaseTest)  Time elapsed: 0.015 sec  <<< FAILURE!
org.testng.TestNGException: 
Parameter 'browser' is required by @Configuration on method setUp but has not been marked @Optional or defined

	at org.testng.internal.Parameters.createParameters(Parameters.java:155)
	at org.testng.internal.Parameters.createParameters(Parameters.java:355)
	at org.testng.internal.Parameters.createConfigurationParameters(Parameters.java:86)
	at org.testng.internal.Invoker.invokeConfigurations(Invoker.java:199)
	at org.testng.internal.Invoker.invokeMethod(Invoker.java:653)
	at org.testng.internal.Invoker.invokeTestMethod(Invoker.java:901)
	at org.testng.internal.Invoker.invokeTestMethods(Invoker.java:1231)
	at org.testng.internal.TestMethodWorker.invokeTestMethods(TestMethodWorker.java:127)
	at org.testng.internal.TestMethodWorker.run(TestMethodWorker.java:111)
	at java.util.concurrent.ThreadPoolExecutor$Worker.runTask(ThreadPoolExecutor.java:895)
	at java.util.concurrent.ThreadPoolExecutor$Worker.run(ThreadPoolExecutor.java:918)
	at java.lang.Thread.run(Thread.java:662)

setUp(org.sky.auto.test.JUnitRemoteBaseTest)  Time elapsed: 0.015 sec  <<< FAILURE!
org.testng.TestNGException: 
Parameter 'browser' is required by @Configuration on method setUp but has not been marked @Optional or defined

	at org.testng.internal.Parameters.createParameters(Parameters.java:155)
	at org.testng.internal.Parameters.createParameters(Parameters.java:355)
	at org.testng.internal.Parameters.createConfigurationParameters(Parameters.java:86)
	at org.testng.internal.Invoker.invokeConfigurations(Invoker.java:199)
	at org.testng.internal.Invoker.invokeMethod(Invoker.java:653)
	at org.testng.internal.Invoker.invokeTestMethod(Invoker.java:901)
	at org.testng.internal.Invoker.invokeTestMethods(Invoker.java:1231)
	at org.testng.internal.TestMethodWorker.invokeTestMethods(TestMethodWorker.java:127)
	at org.testng.internal.TestMethodWorker.run(TestMethodWorker.java:111)
	at java.util.concurrent.ThreadPoolExecutor$Worker.runTask(ThreadPoolExecutor.java:895)
	at java.util.concurrent.ThreadPoolExecutor$Worker.run(ThreadPoolExecutor.java:918)
	at java.lang.Thread.run(Thread.java:662)

test168(org.sky.auto.pagetest.Test168page)  Time elapsed: 0.088 sec  <<< FAILURE!
org.openqa.selenium.WebDriverException: Cannot find firefox binary in PATH. Make sure firefox is installed. OS appears to be: WIN8
Build info: version: '2.30.0', revision: 'dc1ef9ceb805a672f56dc49198f9ffbd4ca345c7', time: '2013-02-19 09:14:38'
System info: os.name: 'Windows 8', os.arch: 'amd64', os.version: '6.2', java.version: '1.6.0_41'
Driver info: driver.version: AutoDriver
	at org.openqa.selenium.firefox.internal.Executable.<init>(Executable.java:69)
	at org.openqa.selenium.firefox.FirefoxBinary.<init>(FirefoxBinary.java:59)
	at org.openqa.selenium.firefox.FirefoxBinary.<init>(FirefoxBinary.java:55)
	at org.openqa.selenium.firefox.FirefoxDriver.<init>(FirefoxDriver.java:92)
	at org.sky.auto.driver.AutoDriver$Firefox$1.initialValue(AutoDriver.java:43)
	at org.sky.auto.driver.AutoDriver$Firefox$1.initialValue(AutoDriver.java:1)
	at java.lang.ThreadLocal.setInitialValue(ThreadLocal.java:141)
	at java.lang.ThreadLocal.get(ThreadLocal.java:131)
	at org.sky.auto.driver.AutoDriver$Firefox.firefox(AutoDriver.java:54)
	at org.sky.auto.driver.AutoDriver.setDriver(AutoDriver.java:268)
	at org.sky.auto.base.AutoBase.open(AutoBase.java:92)
	at org.sky.auto.pagetest.Test168page.test168(Test168page.java:17)

testBaidu(org.sky.auto.test.NewTest)  Time elapsed: 0.089 sec  <<< FAILURE!
org.openqa.selenium.WebDriverException: Cannot find firefox binary in PATH. Make sure firefox is installed. OS appears to be: WIN8
Build info: version: '2.30.0', revision: 'dc1ef9ceb805a672f56dc49198f9ffbd4ca345c7', time: '2013-02-19 09:14:38'
System info: os.name: 'Windows 8', os.arch: 'amd64', os.version: '6.2', java.version: '1.6.0_41'
Driver info: driver.version: AutoDriver
	at org.openqa.selenium.firefox.internal.Executable.<init>(Executable.java:69)
	at org.openqa.selenium.firefox.FirefoxBinary.<init>(FirefoxBinary.java:59)
	at org.openqa.selenium.firefox.FirefoxBinary.<init>(FirefoxBinary.java:55)
	at org.openqa.selenium.firefox.FirefoxDriver.<init>(FirefoxDriver.java:92)
	at org.sky.auto.driver.AutoDriver$Firefox$1.initialValue(AutoDriver.java:43)
	at org.sky.auto.driver.AutoDriver$Firefox$1.initialValue(AutoDriver.java:1)
	at java.lang.ThreadLocal.setInitialValue(ThreadLocal.java:141)
	at java.lang.ThreadLocal.get(ThreadLocal.java:131)
	at org.sky.auto.driver.AutoDriver$Firefox.firefox(AutoDriver.java:54)
	at org.sky.auto.driver.AutoDriver.setDriver(AutoDriver.java:268)
	at org.sky.auto.base.AutoBase.open(AutoBase.java:92)
	at org.sky.auto.window.Window.open(Window.java:240)
	at org.sky.auto.test.NewTest.testBaidu(NewTest.java:30)

destory(org.sky.auto.test.NewTest)  Time elapsed: 0.089 sec  <<< FAILURE!
java.lang.NullPointerException: null
	at org.sky.auto.window.Window.closeAllWindows(Window.java:121)
	at org.sky.auto.base.TestNGBase.destory(TestNGBase.java:22)
	at sun.reflect.NativeMethodAccessorImpl.invoke0(Native Method)
	at sun.reflect.NativeMethodAccessorImpl.invoke(NativeMethodAccessorImpl.java:39)
	at sun.reflect.DelegatingMethodAccessorImpl.invoke(DelegatingMethodAccessorImpl.java:25)
	at java.lang.reflect.Method.invoke(Method.java:597)
	at org.testng.internal.MethodInvocationHelper.invokeMethod(MethodInvocationHelper.java:80)
	at org.testng.internal.Invoker.invokeConfigurationMethod(Invoker.java:564)
	at org.testng.internal.Invoker.invokeConfigurations(Invoker.java:213)
	at org.testng.internal.Invoker.invokeMethod(Invoker.java:786)
	at org.testng.internal.Invoker.invokeTestMethod(Invoker.java:901)
	at org.testng.internal.Invoker.invokeTestMethods(Invoker.java:1231)
	at org.testng.internal.TestMethodWorker.invokeTestMethods(TestMethodWorker.java:127)
	at org.testng.internal.TestMethodWorker.run(TestMethodWorker.java:111)
	at java.util.concurrent.ThreadPoolExecutor$Worker.runTask(ThreadPoolExecutor.java:895)
	at java.util.concurrent.ThreadPoolExecutor$Worker.run(ThreadPoolExecutor.java:918)
	at java.lang.Thread.run(Thread.java:662)

maxTest(org.sky.auto.test.DataTest)  Time elapsed: 0.09 sec  <<< FAILURE!
org.openqa.selenium.WebDriverException: Cannot find firefox binary in PATH. Make sure firefox is installed. OS appears to be: WIN8
Build info: version: '2.30.0', revision: 'dc1ef9ceb805a672f56dc49198f9ffbd4ca345c7', time: '2013-02-19 09:14:38'
System info: os.name: 'Windows 8', os.arch: 'amd64', os.version: '6.2', java.version: '1.6.0_41'
Driver info: driver.version: AutoDriver
	at org.openqa.selenium.firefox.internal.Executable.<init>(Executable.java:69)
	at org.openqa.selenium.firefox.FirefoxBinary.<init>(FirefoxBinary.java:59)
	at org.openqa.selenium.firefox.FirefoxBinary.<init>(FirefoxBinary.java:55)
	at org.openqa.selenium.firefox.FirefoxDriver.<init>(FirefoxDriver.java:92)
	at org.sky.auto.driver.AutoDriver$Firefox$1.initialValue(AutoDriver.java:43)
	at org.sky.auto.driver.AutoDriver$Firefox$1.initialValue(AutoDriver.java:1)
	at java.lang.ThreadLocal.setInitialValue(ThreadLocal.java:141)
	at java.lang.ThreadLocal.get(ThreadLocal.java:131)
	at org.sky.auto.driver.AutoDriver$Firefox.firefox(AutoDriver.java:54)
	at org.sky.auto.driver.AutoDriver.setDriver(AutoDriver.java:268)
	at org.sky.auto.base.AutoBase.open(AutoBase.java:92)
	at org.sky.auto.test.DataTest.maxTest(DataTest.java:20)

testNor168(org.sky.auto.normal.test.it168NorTest)  Time elapsed: 0.09 sec  <<< FAILURE!
org.openqa.selenium.WebDriverException: Cannot find firefox binary in PATH. Make sure firefox is installed. OS appears to be: WIN8
Build info: version: '2.30.0', revision: 'dc1ef9ceb805a672f56dc49198f9ffbd4ca345c7', time: '2013-02-19 09:14:38'
System info: os.name: 'Windows 8', os.arch: 'amd64', os.version: '6.2', java.version: '1.6.0_41'
Driver info: driver.version: FirefoxDriver
	at org.openqa.selenium.firefox.internal.Executable.<init>(Executable.java:69)
	at org.openqa.selenium.firefox.FirefoxBinary.<init>(FirefoxBinary.java:59)
	at org.openqa.selenium.firefox.FirefoxBinary.<init>(FirefoxBinary.java:55)
	at org.openqa.selenium.firefox.FirefoxDriver.<init>(FirefoxDriver.java:92)
	at org.sky.auto.normal.test.it168NorTest.testNor168(it168NorTest.java:13)

